[ 2015-06-09T08:16:39+08:00 ] ::1 /jx/index.php/Manage/Index/data.html
ERR: 非法操作:data

[ 2015-06-09T08:17:13+08:00 ] ::1 /jx/index.php/Manage/Index/print01?id=14
ERR: 非法操作:print01

[ 2015-06-09T08:53:53+08:00 ] ::1 /jx/index.php/Manage/Zidian/user.html
ERR: 非法操作:user

[ 2015-06-09T08:53:58+08:00 ] ::1 /jx/index.php/Manage/Zidian/user.html
ERR: 非法操作:user

[ 2015-06-09T08:54:02+08:00 ] ::1 /jx/index.php/Manage/Zidian/index
ERR: 模板不存在:./Application/Manage/View/Zidian/index.html

[ 2015-06-09T08:54:04+08:00 ] ::1 /jx/index.php/Manage/Zidian/zidian.html
ERR: 非法操作:zidian

[ 2015-06-09T08:54:17+08:00 ] ::1 /jx/index.php/Manage/Zidian/index
ERR: 模板不存在:./Application/Manage/View/Zidian/index.html

[ 2015-06-09T08:54:27+08:00 ] ::1 /jx/index.php/Manage/Zidian/index
ERR: 模板不存在:./Application/Manage/View/Zidian/index.html

[ 2015-06-09T08:55:58+08:00 ] ::1 /jx/index.php/Manage/Zidian/index
ERR: 模板不存在:./Application/Manage/View/Zidian/index.html

[ 2015-06-09T08:56:08+08:00 ] ::1 /jx/index.php/Manage/Zidian/zidian.html
ERR: 非法操作:zidian

[ 2015-06-09T08:56:15+08:00 ] ::1 /jx/index.php/Manage/Zidian/index
ERR: 模板不存在:./Application/Manage/View/Zidian/index.html

[ 2015-06-09T14:50:01+08:00 ] ::1 /jx/index.php/Manage/Dictionary/dictionary
ERR: 模板不存在:./Application/Manage/View/Dictionary/dictionary.html

