[ 2015-04-27T15:08:58+08:00 ] ::1 /grid_lyj/index.php/Home/Wsdc/wsdcShow?id=1
ERR: XML标签语法错误 : name="implode(',',<?php echo ($vo["content"]); ?

[ 2015-04-27T15:09:33+08:00 ] ::1 /grid_lyj/index.php/Home/Wsdc/wsdcShow?id=1
ERR: XML标签语法错误 : name="implode(',',<?php echo ($vo['content']); ?

[ 2015-04-27T17:59:29+08:00 ] ::1 /grid_lyj/index.php/Home/Wsdc/wsdcVeto
INFO: [ app_begin ] --START--
INFO: Run Behavior\ReadHtmlCacheBehavior [ RunTime:0.001000s ]
INFO: [ app_begin ] --END-- [ RunTime:0.001000s ]
SQL: SELECT pid from tp_wsdc_option where id = 0 [ RunTime:0.000000s ]
NOTIC: [8] Undefined offset: 0 E:\WWW\grid_lyj\Application\Home\Controller\WsdcController.class.php 第 87 行.
SQL: UPDATE tp_wsdc_option set num=num+1 where id =0 [ RunTime:0.000000s ]
SQL: UPDATE tp_wsdc_option set num=num+1 where id = [ RunTime:0.000000s ]
ERR: 1064:You have an error in your SQL syntax; check the manual that corresponds to your MySQL server version for the right syntax to use near '' at line 1
 [ SQL语句 ] : UPDATE tp_wsdc_option set num=num+1 where id =
SQL: SELECT pid from tp_wsdc_option where id = 4 [ RunTime:0.000000s ]
SQL: UPDATE tp_wsdc_option set num=num+1 where id =4 [ RunTime:0.001000s ]
SQL: UPDATE tp_wsdc_option set num=num+1 where id =2 [ RunTime:0.000000s ]

[ 2015-04-27T17:59:57+08:00 ] ::1 /grid_lyj/index.php/Home/Wsdc/wsdcVeto
INFO: [ app_begin ] --START--
INFO: Run Behavior\ReadHtmlCacheBehavior [ RunTime:0.001000s ]
INFO: [ app_begin ] --END-- [ RunTime:0.001000s ]
SQL: SELECT pid from tp_wsdc_option where id = 0 [ RunTime:0.001000s ]
NOTIC: [8] Undefined offset: 0 E:\WWW\grid_lyj\Application\Home\Controller\WsdcController.class.php 第 87 行.
SQL: UPDATE tp_wsdc_option set num=num+1 where id =0 [ RunTime:0.000000s ]
SQL: UPDATE tp_wsdc_option set num=num+1 where id = [ RunTime:0.001000s ]
ERR: 1064:You have an error in your SQL syntax; check the manual that corresponds to your MySQL server version for the right syntax to use near '' at line 1
 [ SQL语句 ] : UPDATE tp_wsdc_option set num=num+1 where id =
SQL: SELECT pid from tp_wsdc_option where id = 4 [ RunTime:0.001000s ]
SQL: UPDATE tp_wsdc_option set num=num+1 where id =4 [ RunTime:0.001000s ]
SQL: UPDATE tp_wsdc_option set num=num+1 where id =2 [ RunTime:0.000000s ]

[ 2015-04-27T18:01:12+08:00 ] ::1 /grid_lyj/index.php/Home/Wsdc/wsdcVeto
INFO: [ app_begin ] --START--
INFO: Run Behavior\ReadHtmlCacheBehavior [ RunTime:0.001000s ]
INFO: [ app_begin ] --END-- [ RunTime:0.001000s ]
SQL: SELECT pid from tp_wsdc_option where id = 0 [ RunTime:0.001000s ]
NOTIC: [8] Undefined offset: 0 E:\WWW\grid_lyj\Application\Home\Controller\WsdcController.class.php 第 87 行.
SQL: UPDATE tp_wsdc_option set num=num+1 where id =0 [ RunTime:0.000000s ]
SQL: UPDATE tp_wsdc_option set num=num+1 where id = [ RunTime:0.001000s ]
ERR: 1064:You have an error in your SQL syntax; check the manual that corresponds to your MySQL server version for the right syntax to use near '' at line 1
 [ SQL语句 ] : UPDATE tp_wsdc_option set num=num+1 where id =
SQL: SELECT pid from tp_wsdc_option where id = 4 [ RunTime:0.000000s ]
SQL: UPDATE tp_wsdc_option set num=num+1 where id =4 [ RunTime:0.001000s ]
SQL: UPDATE tp_wsdc_option set num=num+1 where id =2 [ RunTime:0.000000s ]

[ 2015-04-27T18:02:06+08:00 ] ::1 /grid_lyj/index.php/Home/Wsdc/wsdcVeto
INFO: [ app_begin ] --START--
INFO: Run Behavior\ReadHtmlCacheBehavior [ RunTime:0.001000s ]
INFO: [ app_begin ] --END-- [ RunTime:0.001000s ]
SQL: SELECT pid from tp_wsdc_option where id = 0 [ RunTime:0.000000s ]
NOTIC: [8] Undefined offset: 0 E:\WWW\grid_lyj\Application\Home\Controller\WsdcController.class.php 第 87 行.
SQL: UPDATE tp_wsdc_option set num=num+1 where id =0 [ RunTime:0.000000s ]
SQL: UPDATE tp_wsdc_option set num=num+1 where id = [ RunTime:0.000000s ]
ERR: 1064:You have an error in your SQL syntax; check the manual that corresponds to your MySQL server version for the right syntax to use near '' at line 1
 [ SQL语句 ] : UPDATE tp_wsdc_option set num=num+1 where id =
SQL: SELECT pid from tp_wsdc_option where id = 4 [ RunTime:0.001000s ]
SQL: UPDATE tp_wsdc_option set num=num+1 where id =4 [ RunTime:0.001001s ]
SQL: UPDATE tp_wsdc_option set num=num+1 where id =2 [ RunTime:0.001000s ]

[ 2015-04-27T18:03:36+08:00 ] ::1 /grid_lyj/index.php/Home/Wsdc/wsdcVeto
INFO: [ app_begin ] --START--
INFO: Run Behavior\ReadHtmlCacheBehavior [ RunTime:0.000000s ]
INFO: [ app_begin ] --END-- [ RunTime:0.001000s ]
SQL: SELECT pid from tp_wsdc_option where id = 0 [ RunTime:0.003000s ]
NOTIC: [8] Undefined offset: 0 E:\WWW\grid_lyj\Application\Home\Controller\WsdcController.class.php 第 87 行.
SQL: UPDATE tp_wsdc_option set num=num+1 where id =0 [ RunTime:0.000000s ]
SQL: UPDATE tp_wsdc_option set num=num+1 where id = [ RunTime:0.001001s ]
ERR: 1064:You have an error in your SQL syntax; check the manual that corresponds to your MySQL server version for the right syntax to use near '' at line 1
 [ SQL语句 ] : UPDATE tp_wsdc_option set num=num+1 where id =

