[ 2015-07-06T09:22:19+08:00 ] ::1 /jx/index.php/Home/Index/exportTheme
INFO: [ app_begin ] --START--
INFO: Run Behavior\ReadHtmlCacheBehavior [ RunTime:0.000000s ]
INFO: [ app_begin ] --END-- [ RunTime:0.001000s ]
SQL: SHOW COLUMNS FROM `tp_question` [ RunTime:0.005001s ]
SQL: SELECT * FROM `tp_question` WHERE `id` = 1370 LIMIT 1   [ RunTime:0.001000s ]
SQL: SHOW COLUMNS FROM `tp_option` [ RunTime:0.004000s ]
SQL: SELECT * FROM `tp_option` WHERE ( qid=1370 ) ORDER BY order_num asc  [ RunTime:0.009001s ]

[ 2015-07-06T09:24:11+08:00 ] ::1 /jx/index.php/Home/Index/exportTheme
INFO: [ app_begin ] --START--
INFO: Run Behavior\ReadHtmlCacheBehavior [ RunTime:0.001000s ]
INFO: [ app_begin ] --END-- [ RunTime:0.001000s ]
SQL: SHOW COLUMNS FROM `tp_question` [ RunTime:0.005000s ]
SQL: SELECT * FROM `tp_question` WHERE `id` = 1363 LIMIT 1   [ RunTime:0.001000s ]
SQL: SHOW COLUMNS FROM `tp_option` [ RunTime:0.004001s ]
SQL: SELECT * FROM `tp_option` WHERE ( qid=1363 ) ORDER BY order_num asc  [ RunTime:0.009000s ]

[ 2015-07-06T09:28:22+08:00 ] ::1 /jx/index.php/Home/Index/exportTheme
INFO: [ app_begin ] --START--
INFO: Run Behavior\ReadHtmlCacheBehavior [ RunTime:0.002000s ]
INFO: [ app_begin ] --END-- [ RunTime:0.003000s ]
SQL: SHOW COLUMNS FROM `tp_question` [ RunTime:0.005000s ]
SQL: SELECT * FROM `tp_question` WHERE `id` = 1370 LIMIT 1   [ RunTime:0.001000s ]
SQL: SHOW COLUMNS FROM `tp_option` [ RunTime:0.004001s ]
SQL: SELECT * FROM `tp_option` WHERE ( qid=1370 ) ORDER BY order_num asc  [ RunTime:0.009000s ]

[ 2015-07-06T09:28:25+08:00 ] ::1 /jx/index.php/Home/Index/exportTheme
INFO: [ app_begin ] --START--
INFO: Run Behavior\ReadHtmlCacheBehavior [ RunTime:0.001000s ]
INFO: [ app_begin ] --END-- [ RunTime:0.001000s ]
SQL: SHOW COLUMNS FROM `tp_question` [ RunTime:0.005001s ]
SQL: SELECT * FROM `tp_question` WHERE `id` = 1363 LIMIT 1   [ RunTime:0.001000s ]
SQL: SHOW COLUMNS FROM `tp_option` [ RunTime:0.004000s ]
SQL: SELECT * FROM `tp_option` WHERE ( qid=1363 ) ORDER BY order_num asc  [ RunTime:0.009000s ]

[ 2015-07-06T09:28:26+08:00 ] ::1 /jx/index.php/Home/Index/exportTheme
INFO: [ app_begin ] --START--
INFO: Run Behavior\ReadHtmlCacheBehavior [ RunTime:0.001000s ]
INFO: [ app_begin ] --END-- [ RunTime:0.001000s ]
SQL: SHOW COLUMNS FROM `tp_question` [ RunTime:0.005000s ]
SQL: SELECT * FROM `tp_question` WHERE `id` = 147 LIMIT 1   [ RunTime:0.001000s ]
SQL: SHOW COLUMNS FROM `tp_option` [ RunTime:0.004000s ]
SQL: SELECT * FROM `tp_option` WHERE ( qid=147 ) ORDER BY order_num asc  [ RunTime:0.009001s ]

[ 2015-07-06T09:28:26+08:00 ] ::1 /jx/index.php/Home/Index/exportTheme
INFO: [ app_begin ] --START--
INFO: Run Behavior\ReadHtmlCacheBehavior [ RunTime:0.001000s ]
INFO: [ app_begin ] --END-- [ RunTime:0.001000s ]
SQL: SHOW COLUMNS FROM `tp_question` [ RunTime:0.007001s ]
SQL: SELECT * FROM `tp_question` WHERE `id` = 132 LIMIT 1   [ RunTime:0.002000s ]
SQL: SHOW COLUMNS FROM `tp_option` [ RunTime:0.004000s ]
SQL: SELECT * FROM `tp_option` WHERE ( qid=132 ) ORDER BY order_num asc  [ RunTime:0.009001s ]

[ 2015-07-06T09:28:27+08:00 ] ::1 /jx/index.php/Home/Index/exportTheme
INFO: [ app_begin ] --START--
INFO: Run Behavior\ReadHtmlCacheBehavior [ RunTime:0.001000s ]
INFO: [ app_begin ] --END-- [ RunTime:0.002000s ]
SQL: SHOW COLUMNS FROM `tp_question` [ RunTime:0.005000s ]
SQL: SELECT * FROM `tp_question` WHERE `id` = 93 LIMIT 1   [ RunTime:0.001000s ]
SQL: SHOW COLUMNS FROM `tp_option` [ RunTime:0.004000s ]
SQL: SELECT * FROM `tp_option` WHERE ( qid=93 ) ORDER BY order_num asc  [ RunTime:0.008000s ]

[ 2015-07-06T09:28:28+08:00 ] ::1 /jx/index.php/Home/Index/exportTheme
INFO: [ app_begin ] --START--
INFO: Run Behavior\ReadHtmlCacheBehavior [ RunTime:0.001000s ]
INFO: [ app_begin ] --END-- [ RunTime:0.001000s ]
SQL: SHOW COLUMNS FROM `tp_question` [ RunTime:0.005000s ]
SQL: SELECT * FROM `tp_question` WHERE `id` = 110 LIMIT 1   [ RunTime:0.001000s ]
SQL: SHOW COLUMNS FROM `tp_option` [ RunTime:0.004000s ]
SQL: SELECT * FROM `tp_option` WHERE ( qid=110 ) ORDER BY order_num asc  [ RunTime:0.009001s ]

[ 2015-07-06T09:28:28+08:00 ] ::1 /jx/index.php/Home/Index/exportTheme
INFO: [ app_begin ] --START--
INFO: Run Behavior\ReadHtmlCacheBehavior [ RunTime:0.001000s ]
INFO: [ app_begin ] --END-- [ RunTime:0.001000s ]
SQL: SHOW COLUMNS FROM `tp_question` [ RunTime:0.006000s ]
SQL: SELECT * FROM `tp_question` WHERE `id` = 710 LIMIT 1   [ RunTime:0.001001s ]
SQL: SHOW COLUMNS FROM `tp_option` [ RunTime:0.003000s ]
SQL: SELECT * FROM `tp_option` WHERE ( qid=710 ) ORDER BY order_num asc  [ RunTime:0.009000s ]

[ 2015-07-06T09:28:29+08:00 ] ::1 /jx/index.php/Home/Index/exportTheme
INFO: [ app_begin ] --START--
INFO: Run Behavior\ReadHtmlCacheBehavior [ RunTime:0.001000s ]
INFO: [ app_begin ] --END-- [ RunTime:0.001000s ]
SQL: SHOW COLUMNS FROM `tp_question` [ RunTime:0.005000s ]
SQL: SELECT * FROM `tp_question` WHERE `id` = 833 LIMIT 1   [ RunTime:0.002000s ]
SQL: SHOW COLUMNS FROM `tp_option` [ RunTime:0.004000s ]
SQL: SELECT * FROM `tp_option` WHERE ( qid=833 ) ORDER BY order_num asc  [ RunTime:0.009001s ]

[ 2015-07-06T09:28:29+08:00 ] ::1 /jx/index.php/Home/Index/exportTheme
INFO: [ app_begin ] --START--
INFO: Run Behavior\ReadHtmlCacheBehavior [ RunTime:0.000000s ]
INFO: [ app_begin ] --END-- [ RunTime:0.001000s ]
SQL: SHOW COLUMNS FROM `tp_question` [ RunTime:0.005001s ]
SQL: SELECT * FROM `tp_question` WHERE `id` = 447 LIMIT 1   [ RunTime:0.002000s ]
SQL: SHOW COLUMNS FROM `tp_option` [ RunTime:0.004000s ]
SQL: SELECT * FROM `tp_option` WHERE ( qid=447 ) ORDER BY order_num asc  [ RunTime:0.009001s ]

[ 2015-07-06T09:28:29+08:00 ] ::1 /jx/index.php/Home/Index/exportTheme
INFO: [ app_begin ] --START--
INFO: Run Behavior\ReadHtmlCacheBehavior [ RunTime:0.001000s ]
INFO: [ app_begin ] --END-- [ RunTime:0.001000s ]
SQL: SHOW COLUMNS FROM `tp_question` [ RunTime:0.005001s ]
SQL: SELECT * FROM `tp_question` WHERE `id` = 1247 LIMIT 1   [ RunTime:0.001000s ]
SQL: SHOW COLUMNS FROM `tp_option` [ RunTime:0.004000s ]
SQL: SELECT * FROM `tp_option` WHERE ( qid=1247 ) ORDER BY order_num asc  [ RunTime:0.009001s ]

[ 2015-07-06T09:28:29+08:00 ] ::1 /jx/index.php/Home/Index/exportTheme
INFO: [ app_begin ] --START--
INFO: Run Behavior\ReadHtmlCacheBehavior [ RunTime:0.001000s ]
INFO: [ app_begin ] --END-- [ RunTime:0.001000s ]
SQL: SHOW COLUMNS FROM `tp_question` [ RunTime:0.005000s ]
SQL: SELECT * FROM `tp_question` WHERE `id` = 86 LIMIT 1   [ RunTime:0.001000s ]
SQL: SHOW COLUMNS FROM `tp_option` [ RunTime:0.003000s ]
SQL: SELECT * FROM `tp_option` WHERE ( qid=86 ) ORDER BY order_num asc  [ RunTime:0.009001s ]

[ 2015-07-06T09:28:29+08:00 ] ::1 /jx/index.php/Home/Index/exportTheme
INFO: [ app_begin ] --START--
INFO: Run Behavior\ReadHtmlCacheBehavior [ RunTime:0.001000s ]
INFO: [ app_begin ] --END-- [ RunTime:0.001000s ]
SQL: SHOW COLUMNS FROM `tp_question` [ RunTime:0.005000s ]
SQL: SELECT * FROM `tp_question` WHERE `id` = 947 LIMIT 1   [ RunTime:0.001000s ]
SQL: SHOW COLUMNS FROM `tp_option` [ RunTime:0.004000s ]
SQL: SELECT * FROM `tp_option` WHERE ( qid=947 ) ORDER BY order_num asc  [ RunTime:0.010001s ]

[ 2015-07-06T09:28:29+08:00 ] ::1 /jx/index.php/Home/Index/exportTheme
INFO: [ app_begin ] --START--
INFO: Run Behavior\ReadHtmlCacheBehavior [ RunTime:0.001000s ]
INFO: [ app_begin ] --END-- [ RunTime:0.001000s ]
SQL: SHOW COLUMNS FROM `tp_question` [ RunTime:0.005000s ]
SQL: SELECT * FROM `tp_question` WHERE `id` = 817 LIMIT 1   [ RunTime:0.001001s ]
SQL: SHOW COLUMNS FROM `tp_option` [ RunTime:0.003000s ]
SQL: SELECT * FROM `tp_option` WHERE ( qid=817 ) ORDER BY order_num asc  [ RunTime:0.009000s ]

[ 2015-07-06T09:28:30+08:00 ] ::1 /jx/index.php/Home/Index/exportTheme
INFO: [ app_begin ] --START--
INFO: Run Behavior\ReadHtmlCacheBehavior [ RunTime:0.000000s ]
INFO: [ app_begin ] --END-- [ RunTime:0.001000s ]
SQL: SHOW COLUMNS FROM `tp_question` [ RunTime:0.005000s ]
SQL: SELECT * FROM `tp_question` WHERE `id` = 1346 LIMIT 1   [ RunTime:0.001000s ]
SQL: SHOW COLUMNS FROM `tp_option` [ RunTime:0.004000s ]
SQL: SELECT * FROM `tp_option` WHERE ( qid=1346 ) ORDER BY order_num asc  [ RunTime:0.008001s ]

[ 2015-07-06T09:28:30+08:00 ] ::1 /jx/index.php/Home/Index/exportTheme
INFO: [ app_begin ] --START--
INFO: Run Behavior\ReadHtmlCacheBehavior [ RunTime:0.000000s ]
INFO: [ app_begin ] --END-- [ RunTime:0.001000s ]
SQL: SHOW COLUMNS FROM `tp_question` [ RunTime:0.005001s ]
SQL: SELECT * FROM `tp_question` WHERE `id` = 141 LIMIT 1   [ RunTime:0.001000s ]
SQL: SHOW COLUMNS FROM `tp_option` [ RunTime:0.004000s ]
SQL: SELECT * FROM `tp_option` WHERE ( qid=141 ) ORDER BY order_num asc  [ RunTime:0.009001s ]

[ 2015-07-06T09:28:30+08:00 ] ::1 /jx/index.php/Home/Index/exportTheme
INFO: [ app_begin ] --START--
INFO: Run Behavior\ReadHtmlCacheBehavior [ RunTime:0.001000s ]
INFO: [ app_begin ] --END-- [ RunTime:0.001000s ]
SQL: SHOW COLUMNS FROM `tp_question` [ RunTime:0.005000s ]
SQL: SELECT * FROM `tp_question` WHERE `id` = 91 LIMIT 1   [ RunTime:0.001000s ]
SQL: SHOW COLUMNS FROM `tp_option` [ RunTime:0.004000s ]
SQL: SELECT * FROM `tp_option` WHERE ( qid=91 ) ORDER BY order_num asc  [ RunTime:0.009001s ]

[ 2015-07-06T09:28:30+08:00 ] ::1 /jx/index.php/Home/Index/exportTheme
INFO: [ app_begin ] --START--
INFO: Run Behavior\ReadHtmlCacheBehavior [ RunTime:0.000000s ]
INFO: [ app_begin ] --END-- [ RunTime:0.001000s ]
SQL: SHOW COLUMNS FROM `tp_question` [ RunTime:0.005000s ]
SQL: SELECT * FROM `tp_question` WHERE `id` = 87 LIMIT 1   [ RunTime:0.001000s ]
SQL: SHOW COLUMNS FROM `tp_option` [ RunTime:0.004000s ]
SQL: SELECT * FROM `tp_option` WHERE ( qid=87 ) ORDER BY order_num asc  [ RunTime:0.008001s ]

[ 2015-07-06T09:28:39+08:00 ] ::1 /jx/index.php/Home/Index/exportTheme
INFO: [ app_begin ] --START--
INFO: Run Behavior\ReadHtmlCacheBehavior [ RunTime:0.001000s ]
INFO: [ app_begin ] --END-- [ RunTime:0.002000s ]
SQL: SHOW COLUMNS FROM `tp_question` [ RunTime:0.005000s ]
SQL: SELECT * FROM `tp_question` WHERE `id` = 1370 LIMIT 1   [ RunTime:0.001000s ]
SQL: SHOW COLUMNS FROM `tp_option` [ RunTime:0.004001s ]
SQL: SELECT * FROM `tp_option` WHERE ( qid=1370 ) ORDER BY order_num asc  [ RunTime:0.008000s ]

[ 2015-07-06T09:28:41+08:00 ] ::1 /jx/index.php/Home/Index/exportTheme
INFO: [ app_begin ] --START--
INFO: Run Behavior\ReadHtmlCacheBehavior [ RunTime:0.000000s ]
INFO: [ app_begin ] --END-- [ RunTime:0.001000s ]
SQL: SHOW COLUMNS FROM `tp_question` [ RunTime:0.005001s ]
SQL: SELECT * FROM `tp_question` WHERE `id` = 1363 LIMIT 1   [ RunTime:0.002000s ]
SQL: SHOW COLUMNS FROM `tp_option` [ RunTime:0.004000s ]
SQL: SELECT * FROM `tp_option` WHERE ( qid=1363 ) ORDER BY order_num asc  [ RunTime:0.009001s ]

[ 2015-07-06T09:28:42+08:00 ] ::1 /jx/index.php/Home/Index/exportTheme
INFO: [ app_begin ] --START--
INFO: Run Behavior\ReadHtmlCacheBehavior [ RunTime:0.001000s ]
INFO: [ app_begin ] --END-- [ RunTime:0.002000s ]
SQL: SHOW COLUMNS FROM `tp_question` [ RunTime:0.005001s ]
SQL: SELECT * FROM `tp_question` WHERE `id` = 147 LIMIT 1   [ RunTime:0.001000s ]
SQL: SHOW COLUMNS FROM `tp_option` [ RunTime:0.004000s ]
SQL: SELECT * FROM `tp_option` WHERE ( qid=147 ) ORDER BY order_num asc  [ RunTime:0.009001s ]

[ 2015-07-06T09:30:33+08:00 ] ::1 /jx/index.php/Home/Index/exportTheme
INFO: [ app_begin ] --START--
INFO: Run Behavior\ReadHtmlCacheBehavior [ RunTime:0.000000s ]
INFO: [ app_begin ] --END-- [ RunTime:0.001000s ]
SQL: SHOW COLUMNS FROM `tp_question` [ RunTime:0.015001s ]
SQL: SELECT * FROM `tp_question` WHERE `id` = 147 LIMIT 1   [ RunTime:0.001000s ]
SQL: SHOW COLUMNS FROM `tp_option` [ RunTime:0.004000s ]
SQL: SELECT * FROM `tp_option` WHERE ( qid=147 ) ORDER BY order_num asc  [ RunTime:0.009001s ]

[ 2015-07-06T09:30:35+08:00 ] ::1 /jx/index.php/Home/Index/exportTheme
INFO: [ app_begin ] --START--
INFO: Run Behavior\ReadHtmlCacheBehavior [ RunTime:0.001000s ]
INFO: [ app_begin ] --END-- [ RunTime:0.001000s ]
SQL: SHOW COLUMNS FROM `tp_question` [ RunTime:0.005000s ]
SQL: SELECT * FROM `tp_question` WHERE `id` = 3095 LIMIT 1   [ RunTime:0.001000s ]
SQL: SHOW COLUMNS FROM `tp_option` [ RunTime:0.003000s ]
SQL: SELECT * FROM `tp_option` WHERE ( qid=3095 ) ORDER BY order_num asc  [ RunTime:0.009001s ]

[ 2015-07-06T09:30:39+08:00 ] ::1 /jx/index.php/Home/Index/exportTheme
INFO: [ app_begin ] --START--
INFO: Run Behavior\ReadHtmlCacheBehavior [ RunTime:0.001000s ]
INFO: [ app_begin ] --END-- [ RunTime:0.002000s ]
SQL: SHOW COLUMNS FROM `tp_question` [ RunTime:0.005000s ]
SQL: SELECT * FROM `tp_question` WHERE `id` = 1358 LIMIT 1   [ RunTime:0.001000s ]
SQL: SHOW COLUMNS FROM `tp_option` [ RunTime:0.004000s ]
SQL: SELECT * FROM `tp_option` WHERE ( qid=1358 ) ORDER BY order_num asc  [ RunTime:0.009001s ]

[ 2015-07-06T09:30:41+08:00 ] ::1 /jx/index.php/Home/Index/exportTheme
INFO: [ app_begin ] --START--
INFO: Run Behavior\ReadHtmlCacheBehavior [ RunTime:0.001000s ]
INFO: [ app_begin ] --END-- [ RunTime:0.002000s ]
SQL: SHOW COLUMNS FROM `tp_question` [ RunTime:0.005000s ]
SQL: SELECT * FROM `tp_question` WHERE `id` = 234 LIMIT 1   [ RunTime:0.002000s ]
SQL: SHOW COLUMNS FROM `tp_option` [ RunTime:0.004000s ]
SQL: SELECT * FROM `tp_option` WHERE ( qid=234 ) ORDER BY order_num asc  [ RunTime:0.009001s ]

[ 2015-07-06T09:30:43+08:00 ] ::1 /jx/index.php/Home/Index/exportTheme
INFO: [ app_begin ] --START--
INFO: Run Behavior\ReadHtmlCacheBehavior [ RunTime:0.001000s ]
INFO: [ app_begin ] --END-- [ RunTime:0.001000s ]
SQL: SHOW COLUMNS FROM `tp_question` [ RunTime:0.005000s ]
SQL: SELECT * FROM `tp_question` WHERE `id` = 1454 LIMIT 1   [ RunTime:0.002001s ]
SQL: SHOW COLUMNS FROM `tp_option` [ RunTime:0.004000s ]
SQL: SELECT * FROM `tp_option` WHERE ( qid=1454 ) ORDER BY order_num asc  [ RunTime:0.009000s ]

[ 2015-07-06T09:30:44+08:00 ] ::1 /jx/index.php/Home/Index/exportTheme
INFO: [ app_begin ] --START--
INFO: Run Behavior\ReadHtmlCacheBehavior [ RunTime:0.001000s ]
INFO: [ app_begin ] --END-- [ RunTime:0.001000s ]
SQL: SHOW COLUMNS FROM `tp_question` [ RunTime:0.005000s ]
SQL: SELECT * FROM `tp_question` WHERE `id` = 234 LIMIT 1   [ RunTime:0.002001s ]
SQL: SHOW COLUMNS FROM `tp_option` [ RunTime:0.004000s ]
SQL: SELECT * FROM `tp_option` WHERE ( qid=234 ) ORDER BY order_num asc  [ RunTime:0.009000s ]

[ 2015-07-06T09:30:44+08:00 ] ::1 /jx/index.php/Home/Index/exportTheme
INFO: [ app_begin ] --START--
INFO: Run Behavior\ReadHtmlCacheBehavior [ RunTime:0.001000s ]
INFO: [ app_begin ] --END-- [ RunTime:0.001000s ]
SQL: SHOW COLUMNS FROM `tp_question` [ RunTime:0.005000s ]
SQL: SELECT * FROM `tp_question` WHERE `id` = 3095 LIMIT 1   [ RunTime:0.001000s ]
SQL: SHOW COLUMNS FROM `tp_option` [ RunTime:0.004000s ]
SQL: SELECT * FROM `tp_option` WHERE ( qid=3095 ) ORDER BY order_num asc  [ RunTime:0.010001s ]

[ 2015-07-06T09:30:47+08:00 ] ::1 /jx/index.php/Home/Index/exportTheme
INFO: [ app_begin ] --START--
INFO: Run Behavior\ReadHtmlCacheBehavior [ RunTime:0.001000s ]
INFO: [ app_begin ] --END-- [ RunTime:0.001000s ]
SQL: SHOW COLUMNS FROM `tp_question` [ RunTime:0.005000s ]
SQL: SELECT * FROM `tp_question` WHERE `id` = 1358 LIMIT 1   [ RunTime:0.001000s ]
SQL: SHOW COLUMNS FROM `tp_option` [ RunTime:0.004000s ]
SQL: SELECT * FROM `tp_option` WHERE ( qid=1358 ) ORDER BY order_num asc  [ RunTime:0.009001s ]

[ 2015-07-06T09:30:47+08:00 ] ::1 /jx/index.php/Home/Index/exportTheme
INFO: [ app_begin ] --START--
INFO: Run Behavior\ReadHtmlCacheBehavior [ RunTime:0.000000s ]
INFO: [ app_begin ] --END-- [ RunTime:0.001000s ]
SQL: SHOW COLUMNS FROM `tp_question` [ RunTime:0.005000s ]
SQL: SELECT * FROM `tp_question` WHERE `id` = 234 LIMIT 1   [ RunTime:0.001000s ]
SQL: SHOW COLUMNS FROM `tp_option` [ RunTime:0.003001s ]
SQL: SELECT * FROM `tp_option` WHERE ( qid=234 ) ORDER BY order_num asc  [ RunTime:0.008000s ]

[ 2015-07-06T09:30:48+08:00 ] ::1 /jx/index.php/Home/Index/exportTheme
INFO: [ app_begin ] --START--
INFO: Run Behavior\ReadHtmlCacheBehavior [ RunTime:0.000000s ]
INFO: [ app_begin ] --END-- [ RunTime:0.001000s ]
SQL: SHOW COLUMNS FROM `tp_question` [ RunTime:0.005001s ]
SQL: SELECT * FROM `tp_question` WHERE `id` = 1454 LIMIT 1   [ RunTime:0.002000s ]
SQL: SHOW COLUMNS FROM `tp_option` [ RunTime:0.004000s ]
SQL: SELECT * FROM `tp_option` WHERE ( qid=1454 ) ORDER BY order_num asc  [ RunTime:0.009001s ]

[ 2015-07-06T09:30:48+08:00 ] ::1 /jx/index.php/Home/Index/exportTheme
INFO: [ app_begin ] --START--
INFO: Run Behavior\ReadHtmlCacheBehavior [ RunTime:0.001000s ]
INFO: [ app_begin ] --END-- [ RunTime:0.001000s ]
SQL: SHOW COLUMNS FROM `tp_question` [ RunTime:0.005000s ]
SQL: SELECT * FROM `tp_question` WHERE `id` = 41 LIMIT 1   [ RunTime:0.002000s ]
SQL: SHOW COLUMNS FROM `tp_option` [ RunTime:0.004000s ]
SQL: SELECT * FROM `tp_option` WHERE ( qid=41 ) ORDER BY order_num asc  [ RunTime:0.009001s ]

[ 2015-07-06T09:30:49+08:00 ] ::1 /jx/index.php/Home/Index/exportTheme
INFO: [ app_begin ] --START--
INFO: Run Behavior\ReadHtmlCacheBehavior [ RunTime:0.000000s ]
INFO: [ app_begin ] --END-- [ RunTime:0.002000s ]
SQL: SHOW COLUMNS FROM `tp_question` [ RunTime:0.005000s ]
SQL: SELECT * FROM `tp_question` WHERE `id` = 249 LIMIT 1   [ RunTime:0.001000s ]
SQL: SHOW COLUMNS FROM `tp_option` [ RunTime:0.003000s ]
SQL: SELECT * FROM `tp_option` WHERE ( qid=249 ) ORDER BY order_num asc  [ RunTime:0.008001s ]

[ 2015-07-06T09:30:49+08:00 ] ::1 /jx/index.php/Home/Index/exportTheme
INFO: [ app_begin ] --START--
INFO: Run Behavior\ReadHtmlCacheBehavior [ RunTime:0.001000s ]
INFO: [ app_begin ] --END-- [ RunTime:0.002000s ]
SQL: SHOW COLUMNS FROM `tp_question` [ RunTime:0.005000s ]
SQL: SELECT * FROM `tp_question` WHERE `id` = 942 LIMIT 1   [ RunTime:0.001000s ]
SQL: SHOW COLUMNS FROM `tp_option` [ RunTime:0.004000s ]
SQL: SELECT * FROM `tp_option` WHERE ( qid=942 ) ORDER BY order_num asc  [ RunTime:0.009001s ]

[ 2015-07-06T09:30:51+08:00 ] ::1 /jx/index.php/Home/Index/exportTheme
INFO: [ app_begin ] --START--
INFO: Run Behavior\ReadHtmlCacheBehavior [ RunTime:0.000000s ]
INFO: [ app_begin ] --END-- [ RunTime:0.001000s ]
SQL: SHOW COLUMNS FROM `tp_question` [ RunTime:0.005000s ]
SQL: SELECT * FROM `tp_question` WHERE `id` = 241 LIMIT 1   [ RunTime:0.001000s ]
SQL: SHOW COLUMNS FROM `tp_option` [ RunTime:0.004000s ]
SQL: SELECT * FROM `tp_option` WHERE ( qid=241 ) ORDER BY order_num asc  [ RunTime:0.009001s ]

[ 2015-07-06T09:30:52+08:00 ] ::1 /jx/index.php/Home/Index/exportTheme
INFO: [ app_begin ] --START--
INFO: Run Behavior\ReadHtmlCacheBehavior [ RunTime:0.001000s ]
INFO: [ app_begin ] --END-- [ RunTime:0.002000s ]
SQL: SHOW COLUMNS FROM `tp_question` [ RunTime:0.005000s ]
SQL: SELECT * FROM `tp_question` WHERE `id` = 450 LIMIT 1   [ RunTime:0.001000s ]
SQL: SHOW COLUMNS FROM `tp_option` [ RunTime:0.004000s ]
SQL: SELECT * FROM `tp_option` WHERE ( qid=450 ) ORDER BY order_num asc  [ RunTime:0.009001s ]

[ 2015-07-06T09:30:52+08:00 ] ::1 /jx/index.php/Home/Index/exportTheme
INFO: [ app_begin ] --START--
INFO: Run Behavior\ReadHtmlCacheBehavior [ RunTime:0.000000s ]
INFO: [ app_begin ] --END-- [ RunTime:0.001000s ]
SQL: SHOW COLUMNS FROM `tp_question` [ RunTime:0.005000s ]
SQL: SELECT * FROM `tp_question` WHERE `id` = 1363 LIMIT 1   [ RunTime:0.001000s ]
SQL: SHOW COLUMNS FROM `tp_option` [ RunTime:0.003000s ]
SQL: SELECT * FROM `tp_option` WHERE ( qid=1363 ) ORDER BY order_num asc  [ RunTime:0.009001s ]

[ 2015-07-06T09:30:53+08:00 ] ::1 /jx/index.php/Home/Index/exportTheme
INFO: [ app_begin ] --START--
INFO: Run Behavior\ReadHtmlCacheBehavior [ RunTime:0.000000s ]
INFO: [ app_begin ] --END-- [ RunTime:0.001000s ]
SQL: SHOW COLUMNS FROM `tp_question` [ RunTime:0.005000s ]
SQL: SELECT * FROM `tp_question` WHERE `id` = 3095 LIMIT 1   [ RunTime:0.001000s ]
SQL: SHOW COLUMNS FROM `tp_option` [ RunTime:0.004001s ]
SQL: SELECT * FROM `tp_option` WHERE ( qid=3095 ) ORDER BY order_num asc  [ RunTime:0.009000s ]

[ 2015-07-06T09:30:56+08:00 ] ::1 /jx/index.php/Home/Index/exportTheme
INFO: [ app_begin ] --START--
INFO: Run Behavior\ReadHtmlCacheBehavior [ RunTime:0.000000s ]
INFO: [ app_begin ] --END-- [ RunTime:0.002000s ]
SQL: SHOW COLUMNS FROM `tp_question` [ RunTime:0.005000s ]
SQL: SELECT * FROM `tp_question` WHERE `id` = 1358 LIMIT 1   [ RunTime:0.001000s ]
SQL: SHOW COLUMNS FROM `tp_option` [ RunTime:0.004000s ]
SQL: SELECT * FROM `tp_option` WHERE ( qid=1358 ) ORDER BY order_num asc  [ RunTime:0.008000s ]

[ 2015-07-06T09:30:57+08:00 ] ::1 /jx/index.php/Home/Index/exportTheme
INFO: [ app_begin ] --START--
INFO: Run Behavior\ReadHtmlCacheBehavior [ RunTime:0.000000s ]
INFO: [ app_begin ] --END-- [ RunTime:0.002000s ]
SQL: SHOW COLUMNS FROM `tp_question` [ RunTime:0.005000s ]
SQL: SELECT * FROM `tp_question` WHERE `id` = 234 LIMIT 1   [ RunTime:0.002000s ]
SQL: SHOW COLUMNS FROM `tp_option` [ RunTime:0.004000s ]
SQL: SELECT * FROM `tp_option` WHERE ( qid=234 ) ORDER BY order_num asc  [ RunTime:0.009001s ]

[ 2015-07-06T09:30:57+08:00 ] ::1 /jx/index.php/Home/Index/exportTheme
INFO: [ app_begin ] --START--
INFO: Run Behavior\ReadHtmlCacheBehavior [ RunTime:0.001000s ]
INFO: [ app_begin ] --END-- [ RunTime:0.002000s ]
SQL: SHOW COLUMNS FROM `tp_question` [ RunTime:0.005000s ]
SQL: SELECT * FROM `tp_question` WHERE `id` = 1454 LIMIT 1   [ RunTime:0.001000s ]
SQL: SHOW COLUMNS FROM `tp_option` [ RunTime:0.004000s ]
SQL: SELECT * FROM `tp_option` WHERE ( qid=1454 ) ORDER BY order_num asc  [ RunTime:0.009001s ]

[ 2015-07-06T09:30:57+08:00 ] ::1 /jx/index.php/Home/Index/exportTheme
INFO: [ app_begin ] --START--
INFO: Run Behavior\ReadHtmlCacheBehavior [ RunTime:0.001000s ]
INFO: [ app_begin ] --END-- [ RunTime:0.002000s ]
SQL: SHOW COLUMNS FROM `tp_question` [ RunTime:0.006000s ]
SQL: SELECT * FROM `tp_question` WHERE `id` = 41 LIMIT 1   [ RunTime:0.001000s ]
SQL: SHOW COLUMNS FROM `tp_option` [ RunTime:0.004000s ]
SQL: SELECT * FROM `tp_option` WHERE ( qid=41 ) ORDER BY order_num asc  [ RunTime:0.009001s ]

[ 2015-07-06T09:30:57+08:00 ] ::1 /jx/index.php/Home/Index/exportTheme
INFO: [ app_begin ] --START--
INFO: Run Behavior\ReadHtmlCacheBehavior [ RunTime:0.000000s ]
INFO: [ app_begin ] --END-- [ RunTime:0.002001s ]
SQL: SHOW COLUMNS FROM `tp_question` [ RunTime:0.005000s ]
SQL: SELECT * FROM `tp_question` WHERE `id` = 249 LIMIT 1   [ RunTime:0.001000s ]
SQL: SHOW COLUMNS FROM `tp_option` [ RunTime:0.003000s ]
SQL: SELECT * FROM `tp_option` WHERE ( qid=249 ) ORDER BY order_num asc  [ RunTime:0.009001s ]

[ 2015-07-06T09:30:58+08:00 ] ::1 /jx/index.php/Home/Index/exportTheme
INFO: [ app_begin ] --START--
INFO: Run Behavior\ReadHtmlCacheBehavior [ RunTime:0.000000s ]
INFO: [ app_begin ] --END-- [ RunTime:0.001000s ]
SQL: SHOW COLUMNS FROM `tp_question` [ RunTime:0.005001s ]
SQL: SELECT * FROM `tp_question` WHERE `id` = 942 LIMIT 1   [ RunTime:0.001000s ]
SQL: SHOW COLUMNS FROM `tp_option` [ RunTime:0.004000s ]
SQL: SELECT * FROM `tp_option` WHERE ( qid=942 ) ORDER BY order_num asc  [ RunTime:0.009000s ]

[ 2015-07-06T09:30:58+08:00 ] ::1 /jx/index.php/Home/Index/exportTheme
INFO: [ app_begin ] --START--
INFO: Run Behavior\ReadHtmlCacheBehavior [ RunTime:0.000000s ]
INFO: [ app_begin ] --END-- [ RunTime:0.001000s ]
SQL: SHOW COLUMNS FROM `tp_question` [ RunTime:0.005001s ]
SQL: SELECT * FROM `tp_question` WHERE `id` = 241 LIMIT 1   [ RunTime:0.001000s ]
SQL: SHOW COLUMNS FROM `tp_option` [ RunTime:0.004000s ]
SQL: SELECT * FROM `tp_option` WHERE ( qid=241 ) ORDER BY order_num asc  [ RunTime:0.009001s ]

[ 2015-07-06T09:30:58+08:00 ] ::1 /jx/index.php/Home/Index/exportTheme
INFO: [ app_begin ] --START--
INFO: Run Behavior\ReadHtmlCacheBehavior [ RunTime:0.001000s ]
INFO: [ app_begin ] --END-- [ RunTime:0.001000s ]
SQL: SHOW COLUMNS FROM `tp_question` [ RunTime:0.005001s ]
SQL: SELECT * FROM `tp_question` WHERE `id` = 450 LIMIT 1   [ RunTime:0.001000s ]
SQL: SHOW COLUMNS FROM `tp_option` [ RunTime:0.004000s ]
SQL: SELECT * FROM `tp_option` WHERE ( qid=450 ) ORDER BY order_num asc  [ RunTime:0.008001s ]

[ 2015-07-06T09:30:58+08:00 ] ::1 /jx/index.php/Home/Index/exportTheme
INFO: [ app_begin ] --START--
INFO: Run Behavior\ReadHtmlCacheBehavior [ RunTime:0.001000s ]
INFO: [ app_begin ] --END-- [ RunTime:0.001000s ]
SQL: SHOW COLUMNS FROM `tp_question` [ RunTime:0.005001s ]
SQL: SELECT * FROM `tp_question` WHERE `id` = 1363 LIMIT 1   [ RunTime:0.002000s ]
SQL: SHOW COLUMNS FROM `tp_option` [ RunTime:0.004000s ]
SQL: SELECT * FROM `tp_option` WHERE ( qid=1363 ) ORDER BY order_num asc  [ RunTime:0.009000s ]

[ 2015-07-06T09:30:58+08:00 ] ::1 /jx/index.php/Home/Index/exportTheme
INFO: [ app_begin ] --START--
INFO: Run Behavior\ReadHtmlCacheBehavior [ RunTime:0.000000s ]
INFO: [ app_begin ] --END-- [ RunTime:0.001000s ]
SQL: SHOW COLUMNS FROM `tp_question` [ RunTime:0.005001s ]
SQL: SELECT * FROM `tp_question` WHERE `id` = 827 LIMIT 1   [ RunTime:0.001000s ]
SQL: SHOW COLUMNS FROM `tp_option` [ RunTime:0.004000s ]
SQL: SELECT * FROM `tp_option` WHERE ( qid=827 ) ORDER BY order_num asc  [ RunTime:0.009000s ]

[ 2015-07-06T09:30:59+08:00 ] ::1 /jx/index.php/Home/Index/exportTheme
INFO: [ app_begin ] --START--
INFO: Run Behavior\ReadHtmlCacheBehavior [ RunTime:0.000000s ]
INFO: [ app_begin ] --END-- [ RunTime:0.001000s ]
SQL: SHOW COLUMNS FROM `tp_question` [ RunTime:0.005000s ]
SQL: SELECT * FROM `tp_question` WHERE `id` = 254 LIMIT 1   [ RunTime:0.001000s ]
SQL: SHOW COLUMNS FROM `tp_option` [ RunTime:0.004000s ]
SQL: SELECT * FROM `tp_option` WHERE ( qid=254 ) ORDER BY order_num asc  [ RunTime:0.009001s ]

[ 2015-07-06T09:30:59+08:00 ] ::1 /jx/index.php/Home/Index/exportTheme
INFO: [ app_begin ] --START--
INFO: Run Behavior\ReadHtmlCacheBehavior [ RunTime:0.000000s ]
INFO: [ app_begin ] --END-- [ RunTime:0.002000s ]
SQL: SHOW COLUMNS FROM `tp_question` [ RunTime:0.005001s ]
SQL: SELECT * FROM `tp_question` WHERE `id` = 1368 LIMIT 1   [ RunTime:0.002000s ]
SQL: SHOW COLUMNS FROM `tp_option` [ RunTime:0.004000s ]
SQL: SELECT * FROM `tp_option` WHERE ( qid=1368 ) ORDER BY order_num asc  [ RunTime:0.009001s ]

[ 2015-07-06T09:31:00+08:00 ] ::1 /jx/index.php/Home/Index/exportTheme
INFO: [ app_begin ] --START--
INFO: Run Behavior\ReadHtmlCacheBehavior [ RunTime:0.000000s ]
INFO: [ app_begin ] --END-- [ RunTime:0.001000s ]
SQL: SHOW COLUMNS FROM `tp_question` [ RunTime:0.005000s ]
SQL: SELECT * FROM `tp_question` WHERE `id` = 109 LIMIT 1   [ RunTime:0.001000s ]
SQL: SHOW COLUMNS FROM `tp_option` [ RunTime:0.003000s ]
SQL: SELECT * FROM `tp_option` WHERE ( qid=109 ) ORDER BY order_num asc  [ RunTime:0.009001s ]

[ 2015-07-06T09:31:00+08:00 ] ::1 /jx/index.php/Home/Index/exportTheme
INFO: [ app_begin ] --START--
INFO: Run Behavior\ReadHtmlCacheBehavior [ RunTime:0.000000s ]
INFO: [ app_begin ] --END-- [ RunTime:0.001000s ]
SQL: SHOW COLUMNS FROM `tp_question` [ RunTime:0.005000s ]
SQL: SELECT * FROM `tp_question` WHERE `id` = 393 LIMIT 1   [ RunTime:0.001000s ]
SQL: SHOW COLUMNS FROM `tp_option` [ RunTime:0.004000s ]
SQL: SELECT * FROM `tp_option` WHERE ( qid=393 ) ORDER BY order_num asc  [ RunTime:0.009001s ]

[ 2015-07-06T09:31:32+08:00 ] ::1 /jx/index.php/Home/Index/exportTheme
INFO: [ app_begin ] --START--
INFO: Run Behavior\ReadHtmlCacheBehavior [ RunTime:0.000000s ]
INFO: [ app_begin ] --END-- [ RunTime:0.001000s ]
SQL: SHOW COLUMNS FROM `tp_question` [ RunTime:0.005001s ]
SQL: SELECT * FROM `tp_question` WHERE `id` = 245 LIMIT 1   [ RunTime:0.002000s ]
SQL: SHOW COLUMNS FROM `tp_option` [ RunTime:0.004000s ]
SQL: SELECT * FROM `tp_option` WHERE ( qid=245 ) ORDER BY order_num asc  [ RunTime:0.009001s ]

[ 2015-07-06T09:31:41+08:00 ] ::1 /jx/index.php/Home/Index/exportTheme
INFO: [ app_begin ] --START--
INFO: Run Behavior\ReadHtmlCacheBehavior [ RunTime:0.001000s ]
INFO: [ app_begin ] --END-- [ RunTime:0.001000s ]
SQL: SHOW COLUMNS FROM `tp_question` [ RunTime:0.005000s ]
SQL: SELECT * FROM `tp_question` WHERE `id` = 393 LIMIT 1   [ RunTime:0.001000s ]
SQL: SHOW COLUMNS FROM `tp_option` [ RunTime:0.005001s ]
SQL: SELECT * FROM `tp_option` WHERE ( qid=393 ) ORDER BY order_num asc  [ RunTime:0.009000s ]

[ 2015-07-06T09:31:44+08:00 ] ::1 /jx/index.php/Home/Index/exportTheme
INFO: [ app_begin ] --START--
INFO: Run Behavior\ReadHtmlCacheBehavior [ RunTime:0.000000s ]
INFO: [ app_begin ] --END-- [ RunTime:0.001000s ]
SQL: SHOW COLUMNS FROM `tp_question` [ RunTime:0.005000s ]
SQL: SELECT * FROM `tp_question` WHERE `id` = 245 LIMIT 1   [ RunTime:0.001000s ]
SQL: SHOW COLUMNS FROM `tp_option` [ RunTime:0.004000s ]
SQL: SELECT * FROM `tp_option` WHERE ( qid=245 ) ORDER BY order_num asc  [ RunTime:0.009001s ]

[ 2015-07-06T09:31:46+08:00 ] ::1 /jx/index.php/Home/Index/exportTheme
INFO: [ app_begin ] --START--
INFO: Run Behavior\ReadHtmlCacheBehavior [ RunTime:0.000000s ]
INFO: [ app_begin ] --END-- [ RunTime:0.002000s ]
SQL: SHOW COLUMNS FROM `tp_question` [ RunTime:0.005000s ]
SQL: SELECT * FROM `tp_question` WHERE `id` = 1131 LIMIT 1   [ RunTime:0.001000s ]
SQL: SHOW COLUMNS FROM `tp_option` [ RunTime:0.004000s ]
SQL: SELECT * FROM `tp_option` WHERE ( qid=1131 ) ORDER BY order_num asc  [ RunTime:0.009001s ]

[ 2015-07-06T09:31:50+08:00 ] ::1 /jx/index.php/Home/Index/exportTheme
INFO: [ app_begin ] --START--
INFO: Run Behavior\ReadHtmlCacheBehavior [ RunTime:0.001000s ]
INFO: [ app_begin ] --END-- [ RunTime:0.001000s ]
SQL: SHOW COLUMNS FROM `tp_question` [ RunTime:0.005000s ]
SQL: SELECT * FROM `tp_question` WHERE `id` = 245 LIMIT 1   [ RunTime:0.001000s ]
SQL: SHOW COLUMNS FROM `tp_option` [ RunTime:0.004000s ]
SQL: SELECT * FROM `tp_option` WHERE ( qid=245 ) ORDER BY order_num asc  [ RunTime:0.008001s ]

[ 2015-07-06T09:31:51+08:00 ] ::1 /jx/index.php/Home/Index/exportTheme
INFO: [ app_begin ] --START--
INFO: Run Behavior\ReadHtmlCacheBehavior [ RunTime:0.001000s ]
INFO: [ app_begin ] --END-- [ RunTime:0.001000s ]
SQL: SHOW COLUMNS FROM `tp_question` [ RunTime:0.005001s ]
SQL: SELECT * FROM `tp_question` WHERE `id` = 1131 LIMIT 1   [ RunTime:0.002000s ]
SQL: SHOW COLUMNS FROM `tp_option` [ RunTime:0.004000s ]
SQL: SELECT * FROM `tp_option` WHERE ( qid=1131 ) ORDER BY order_num asc  [ RunTime:0.009000s ]

[ 2015-07-06T09:31:52+08:00 ] ::1 /jx/index.php/Home/Index/exportTheme
INFO: [ app_begin ] --START--
INFO: Run Behavior\ReadHtmlCacheBehavior [ RunTime:0.001000s ]
INFO: [ app_begin ] --END-- [ RunTime:0.001000s ]
SQL: SHOW COLUMNS FROM `tp_question` [ RunTime:0.005001s ]
SQL: SELECT * FROM `tp_question` WHERE `id` = 242 LIMIT 1   [ RunTime:0.002000s ]
SQL: SHOW COLUMNS FROM `tp_option` [ RunTime:0.004000s ]
SQL: SELECT * FROM `tp_option` WHERE ( qid=242 ) ORDER BY order_num asc  [ RunTime:0.009000s ]

[ 2015-07-06T09:31:53+08:00 ] ::1 /jx/index.php/Home/Index/exportTheme
INFO: [ app_begin ] --START--
INFO: Run Behavior\ReadHtmlCacheBehavior [ RunTime:0.002000s ]
INFO: [ app_begin ] --END-- [ RunTime:0.002000s ]
SQL: SHOW COLUMNS FROM `tp_question` [ RunTime:0.006000s ]
SQL: SELECT * FROM `tp_question` WHERE `id` = 104 LIMIT 1   [ RunTime:0.001000s ]
SQL: SHOW COLUMNS FROM `tp_option` [ RunTime:0.004000s ]
SQL: SELECT * FROM `tp_option` WHERE ( qid=104 ) ORDER BY order_num asc  [ RunTime:0.008001s ]

[ 2015-07-06T09:31:53+08:00 ] ::1 /jx/index.php/Home/Index/exportTheme
INFO: [ app_begin ] --START--
INFO: Run Behavior\ReadHtmlCacheBehavior [ RunTime:0.000000s ]
INFO: [ app_begin ] --END-- [ RunTime:0.001001s ]
SQL: SHOW COLUMNS FROM `tp_question` [ RunTime:0.005000s ]
SQL: SELECT * FROM `tp_question` WHERE `id` = 973 LIMIT 1   [ RunTime:0.001000s ]
SQL: SHOW COLUMNS FROM `tp_option` [ RunTime:0.004000s ]
SQL: SELECT * FROM `tp_option` WHERE ( qid=973 ) ORDER BY order_num asc  [ RunTime:0.009001s ]

[ 2015-07-06T09:33:13+08:00 ] ::1 /jx/index.php/Home/Index/exportTheme
INFO: [ app_begin ] --START--
INFO: Run Behavior\ReadHtmlCacheBehavior [ RunTime:0.001000s ]
INFO: [ app_begin ] --END-- [ RunTime:0.002000s ]
SQL: SHOW COLUMNS FROM `tp_question` [ RunTime:0.005001s ]
SQL: SELECT * FROM `tp_question` WHERE `id` = 942 LIMIT 1   [ RunTime:0.001000s ]
SQL: SHOW COLUMNS FROM `tp_option` [ RunTime:0.011000s ]
SQL: SELECT * FROM `tp_option` WHERE ( qid=942 ) ORDER BY order_num asc  [ RunTime:0.009001s ]

[ 2015-07-06T09:33:15+08:00 ] ::1 /jx/index.php/Home/Index/exportTheme
INFO: [ app_begin ] --START--
INFO: Run Behavior\ReadHtmlCacheBehavior [ RunTime:0.001000s ]
INFO: [ app_begin ] --END-- [ RunTime:0.002000s ]
SQL: SHOW COLUMNS FROM `tp_question` [ RunTime:0.005000s ]
SQL: SELECT * FROM `tp_question` WHERE `id` = 1358 LIMIT 1   [ RunTime:0.001000s ]
SQL: SHOW COLUMNS FROM `tp_option` [ RunTime:0.004001s ]
SQL: SELECT * FROM `tp_option` WHERE ( qid=1358 ) ORDER BY order_num asc  [ RunTime:0.009000s ]

[ 2015-07-06T09:33:15+08:00 ] ::1 /jx/index.php/Home/Index/exportTheme
INFO: [ app_begin ] --START--
INFO: Run Behavior\ReadHtmlCacheBehavior [ RunTime:0.001000s ]
INFO: [ app_begin ] --END-- [ RunTime:0.001000s ]
SQL: SHOW COLUMNS FROM `tp_question` [ RunTime:0.006000s ]
SQL: SELECT * FROM `tp_question` WHERE `id` = 1358 LIMIT 1   [ RunTime:0.001000s ]
SQL: SHOW COLUMNS FROM `tp_option` [ RunTime:0.003000s ]
SQL: SELECT * FROM `tp_option` WHERE ( qid=1358 ) ORDER BY order_num asc  [ RunTime:0.009001s ]

[ 2015-07-06T09:33:16+08:00 ] ::1 /jx/index.php/Home/Index/exportTheme
INFO: [ app_begin ] --START--
INFO: Run Behavior\ReadHtmlCacheBehavior [ RunTime:0.001000s ]
INFO: [ app_begin ] --END-- [ RunTime:0.001000s ]
SQL: SHOW COLUMNS FROM `tp_question` [ RunTime:0.005000s ]
SQL: SELECT * FROM `tp_question` WHERE `id` = 245 LIMIT 1   [ RunTime:0.002000s ]
SQL: SHOW COLUMNS FROM `tp_option` [ RunTime:0.004001s ]
SQL: SELECT * FROM `tp_option` WHERE ( qid=245 ) ORDER BY order_num asc  [ RunTime:0.009000s ]

[ 2015-07-06T09:33:17+08:00 ] ::1 /jx/index.php/Home/Index/exportTheme
INFO: [ app_begin ] --START--
INFO: Run Behavior\ReadHtmlCacheBehavior [ RunTime:0.001001s ]
INFO: [ app_begin ] --END-- [ RunTime:0.001001s ]
SQL: SHOW COLUMNS FROM `tp_question` [ RunTime:0.005001s ]
SQL: SELECT * FROM `tp_question` WHERE `id` = 393 LIMIT 1   [ RunTime:0.001000s ]
SQL: SHOW COLUMNS FROM `tp_option` [ RunTime:0.004000s ]
SQL: SELECT * FROM `tp_option` WHERE ( qid=393 ) ORDER BY order_num asc  [ RunTime:0.009000s ]

[ 2015-07-06T09:33:18+08:00 ] ::1 /jx/index.php/Home/Index/exportTheme
INFO: [ app_begin ] --START--
INFO: Run Behavior\ReadHtmlCacheBehavior [ RunTime:0.000000s ]
INFO: [ app_begin ] --END-- [ RunTime:0.001000s ]
SQL: SHOW COLUMNS FROM `tp_question` [ RunTime:0.005001s ]
SQL: SELECT * FROM `tp_question` WHERE `id` = 942 LIMIT 1   [ RunTime:0.001000s ]
SQL: SHOW COLUMNS FROM `tp_option` [ RunTime:0.003000s ]
SQL: SELECT * FROM `tp_option` WHERE ( qid=942 ) ORDER BY order_num asc  [ RunTime:0.009001s ]

[ 2015-07-06T09:33:19+08:00 ] ::1 /jx/index.php/Home/Index/exportTheme
INFO: [ app_begin ] --START--
INFO: Run Behavior\ReadHtmlCacheBehavior [ RunTime:0.001000s ]
INFO: [ app_begin ] --END-- [ RunTime:0.001000s ]
SQL: SHOW COLUMNS FROM `tp_question` [ RunTime:0.005000s ]
SQL: SELECT * FROM `tp_question` WHERE `id` = 254 LIMIT 1   [ RunTime:0.002001s ]
SQL: SHOW COLUMNS FROM `tp_option` [ RunTime:0.004000s ]
SQL: SELECT * FROM `tp_option` WHERE ( qid=254 ) ORDER BY order_num asc  [ RunTime:0.009000s ]

[ 2015-07-06T09:33:20+08:00 ] ::1 /jx/index.php/Home/Index/exportTheme
INFO: [ app_begin ] --START--
INFO: Run Behavior\ReadHtmlCacheBehavior [ RunTime:0.001000s ]
INFO: [ app_begin ] --END-- [ RunTime:0.001000s ]
SQL: SHOW COLUMNS FROM `tp_question` [ RunTime:0.005001s ]
SQL: SELECT * FROM `tp_question` WHERE `id` = 1368 LIMIT 1   [ RunTime:0.001000s ]
SQL: SHOW COLUMNS FROM `tp_option` [ RunTime:0.004000s ]
SQL: SELECT * FROM `tp_option` WHERE ( qid=1368 ) ORDER BY order_num asc  [ RunTime:0.008000s ]

[ 2015-07-06T09:33:20+08:00 ] ::1 /jx/index.php/Home/Index/exportTheme
INFO: [ app_begin ] --START--
INFO: Run Behavior\ReadHtmlCacheBehavior [ RunTime:0.001000s ]
INFO: [ app_begin ] --END-- [ RunTime:0.003000s ]
SQL: SHOW COLUMNS FROM `tp_question` [ RunTime:0.005000s ]
SQL: SELECT * FROM `tp_question` WHERE `id` = 109 LIMIT 1   [ RunTime:0.001000s ]
SQL: SHOW COLUMNS FROM `tp_option` [ RunTime:0.004000s ]
SQL: SELECT * FROM `tp_option` WHERE ( qid=109 ) ORDER BY order_num asc  [ RunTime:0.009000s ]

[ 2015-07-06T09:33:21+08:00 ] ::1 /jx/index.php/Home/Index/exportTheme
INFO: [ app_begin ] --START--
INFO: Run Behavior\ReadHtmlCacheBehavior [ RunTime:0.001000s ]
INFO: [ app_begin ] --END-- [ RunTime:0.001000s ]
SQL: SHOW COLUMNS FROM `tp_question` [ RunTime:0.005000s ]
SQL: SELECT * FROM `tp_question` WHERE `id` = 104 LIMIT 1   [ RunTime:0.001000s ]
SQL: SHOW COLUMNS FROM `tp_option` [ RunTime:0.004001s ]
SQL: SELECT * FROM `tp_option` WHERE ( qid=104 ) ORDER BY order_num asc  [ RunTime:0.009000s ]

[ 2015-07-06T09:33:22+08:00 ] ::1 /jx/index.php/Home/Index/exportTheme
INFO: [ app_begin ] --START--
INFO: Run Behavior\ReadHtmlCacheBehavior [ RunTime:0.001000s ]
INFO: [ app_begin ] --END-- [ RunTime:0.001000s ]
SQL: SHOW COLUMNS FROM `tp_question` [ RunTime:0.006000s ]
SQL: SELECT * FROM `tp_question` WHERE `id` = 1131 LIMIT 1   [ RunTime:0.001000s ]
SQL: SHOW COLUMNS FROM `tp_option` [ RunTime:0.003001s ]
SQL: SELECT * FROM `tp_option` WHERE ( qid=1131 ) ORDER BY order_num asc  [ RunTime:0.009000s ]

[ 2015-07-06T09:33:22+08:00 ] ::1 /jx/index.php/Home/Index/exportTheme
INFO: [ app_begin ] --START--
INFO: Run Behavior\ReadHtmlCacheBehavior [ RunTime:0.001000s ]
INFO: [ app_begin ] --END-- [ RunTime:0.002000s ]
SQL: SHOW COLUMNS FROM `tp_question` [ RunTime:0.005000s ]
SQL: SELECT * FROM `tp_question` WHERE `id` = 242 LIMIT 1   [ RunTime:0.001000s ]
SQL: SHOW COLUMNS FROM `tp_option` [ RunTime:0.004000s ]
SQL: SELECT * FROM `tp_option` WHERE ( qid=242 ) ORDER BY order_num asc  [ RunTime:0.008001s ]

[ 2015-07-06T09:33:24+08:00 ] ::1 /jx/index.php/Home/Index/exportTheme
INFO: [ app_begin ] --START--
INFO: Run Behavior\ReadHtmlCacheBehavior [ RunTime:0.001000s ]
INFO: [ app_begin ] --END-- [ RunTime:0.002000s ]
SQL: SHOW COLUMNS FROM `tp_question` [ RunTime:0.005000s ]
SQL: SELECT * FROM `tp_question` WHERE `id` = 245 LIMIT 1   [ RunTime:0.002000s ]
SQL: SHOW COLUMNS FROM `tp_option` [ RunTime:0.004001s ]
SQL: SELECT * FROM `tp_option` WHERE ( qid=245 ) ORDER BY order_num asc  [ RunTime:0.009000s ]

[ 2015-07-06T09:33:26+08:00 ] ::1 /jx/index.php/Home/Index/exportTheme
INFO: [ app_begin ] --START--
INFO: Run Behavior\ReadHtmlCacheBehavior [ RunTime:0.000000s ]
INFO: [ app_begin ] --END-- [ RunTime:0.001000s ]
SQL: SHOW COLUMNS FROM `tp_question` [ RunTime:0.005001s ]
SQL: SELECT * FROM `tp_question` WHERE `id` = 393 LIMIT 1   [ RunTime:0.001000s ]
SQL: SHOW COLUMNS FROM `tp_option` [ RunTime:0.003000s ]
SQL: SELECT * FROM `tp_option` WHERE ( qid=393 ) ORDER BY order_num asc  [ RunTime:0.009000s ]

[ 2015-07-06T09:33:28+08:00 ] ::1 /jx/index.php/Home/Index/exportTheme
INFO: [ app_begin ] --START--
INFO: Run Behavior\ReadHtmlCacheBehavior [ RunTime:0.001000s ]
INFO: [ app_begin ] --END-- [ RunTime:0.001000s ]
SQL: SHOW COLUMNS FROM `tp_question` [ RunTime:0.005001s ]
SQL: SELECT * FROM `tp_question` WHERE `id` = 942 LIMIT 1   [ RunTime:0.001000s ]
SQL: SHOW COLUMNS FROM `tp_option` [ RunTime:0.003000s ]
SQL: SELECT * FROM `tp_option` WHERE ( qid=942 ) ORDER BY order_num asc  [ RunTime:0.009000s ]

[ 2015-07-06T09:33:30+08:00 ] ::1 /jx/index.php/Home/Index/exportTheme
INFO: [ app_begin ] --START--
INFO: Run Behavior\ReadHtmlCacheBehavior [ RunTime:0.000000s ]
INFO: [ app_begin ] --END-- [ RunTime:0.001000s ]
SQL: SHOW COLUMNS FROM `tp_question` [ RunTime:0.005001s ]
SQL: SELECT * FROM `tp_question` WHERE `id` = 1358 LIMIT 1   [ RunTime:0.002000s ]
SQL: SHOW COLUMNS FROM `tp_option` [ RunTime:0.004000s ]
SQL: SELECT * FROM `tp_option` WHERE ( qid=1358 ) ORDER BY order_num asc  [ RunTime:0.009001s ]

[ 2015-07-06T09:33:33+08:00 ] ::1 /jx/index.php/Home/Index/exportTheme
INFO: [ app_begin ] --START--
INFO: Run Behavior\ReadHtmlCacheBehavior [ RunTime:0.000000s ]
INFO: [ app_begin ] --END-- [ RunTime:0.001000s ]
SQL: SHOW COLUMNS FROM `tp_question` [ RunTime:0.005001s ]
SQL: SELECT * FROM `tp_question` WHERE `id` = 352 LIMIT 1   [ RunTime:0.001000s ]
SQL: SHOW COLUMNS FROM `tp_option` [ RunTime:0.004000s ]
SQL: SELECT * FROM `tp_option` WHERE ( qid=352 ) ORDER BY order_num asc  [ RunTime:0.009000s ]

[ 2015-07-06T09:34:29+08:00 ] ::1 /jx/index.php/Home/Index/exportTheme
INFO: [ app_begin ] --START--
INFO: Run Behavior\ReadHtmlCacheBehavior [ RunTime:0.001000s ]
INFO: [ app_begin ] --END-- [ RunTime:0.001000s ]
SQL: SHOW COLUMNS FROM `tp_question` [ RunTime:0.005001s ]
SQL: SELECT * FROM `tp_question` WHERE `id` = 944 LIMIT 1   [ RunTime:0.002000s ]
SQL: SHOW COLUMNS FROM `tp_option` [ RunTime:0.004000s ]
SQL: SELECT * FROM `tp_option` WHERE ( qid=944 ) ORDER BY order_num asc  [ RunTime:0.009000s ]

[ 2015-07-06T09:43:48+08:00 ] ::1 /jx/index.php/Home/Index/exportTheme
INFO: [ app_begin ] --START--
INFO: Run Behavior\ReadHtmlCacheBehavior [ RunTime:0.001000s ]
INFO: [ app_begin ] --END-- [ RunTime:0.002000s ]
SQL: SHOW COLUMNS FROM `tp_question` [ RunTime:0.005000s ]
SQL: SELECT * FROM `tp_question` WHERE `id` = 1106 LIMIT 1   [ RunTime:0.002000s ]
SQL: SHOW COLUMNS FROM `tp_option` [ RunTime:0.004000s ]
SQL: SELECT * FROM `tp_option` WHERE ( qid=1106 ) ORDER BY order_num asc  [ RunTime:0.009001s ]

[ 2015-07-06T09:44:18+08:00 ] ::1 /jx/index.php/Home/Index/exportTheme
INFO: [ app_begin ] --START--
INFO: Run Behavior\ReadHtmlCacheBehavior [ RunTime:0.000000s ]
INFO: [ app_begin ] --END-- [ RunTime:0.001000s ]
SQL: SHOW COLUMNS FROM `tp_question` [ RunTime:0.006001s ]
SQL: SELECT * FROM `tp_question` WHERE `id` = 1357 LIMIT 1   [ RunTime:0.001000s ]
SQL: SHOW COLUMNS FROM `tp_option` [ RunTime:0.003000s ]
SQL: SELECT * FROM `tp_option` WHERE ( qid=1357 ) ORDER BY order_num asc  [ RunTime:0.009000s ]

[ 2015-07-06T09:44:48+08:00 ] ::1 /jx/index.php/Home/Index/exportTheme
INFO: [ app_begin ] --START--
INFO: Run Behavior\ReadHtmlCacheBehavior [ RunTime:0.000000s ]
INFO: [ app_begin ] --END-- [ RunTime:0.001001s ]
SQL: SHOW COLUMNS FROM `tp_question` [ RunTime:0.005001s ]
SQL: SELECT * FROM `tp_question` WHERE `id` = 1107 LIMIT 1   [ RunTime:0.001000s ]
SQL: SHOW COLUMNS FROM `tp_option` [ RunTime:0.004000s ]
SQL: SELECT * FROM `tp_option` WHERE ( qid=1107 ) ORDER BY order_num asc  [ RunTime:0.009000s ]

[ 2015-07-06T09:48:45+08:00 ] ::1 /jx/index.php/Home/Index/exportTheme
INFO: [ app_begin ] --START--
INFO: Run Behavior\ReadHtmlCacheBehavior [ RunTime:0.001000s ]
INFO: [ app_begin ] --END-- [ RunTime:0.001000s ]
SQL: SHOW COLUMNS FROM `tp_question` [ RunTime:0.005000s ]
SQL: SELECT * FROM `tp_question` WHERE `id` = 1457 LIMIT 1   [ RunTime:0.001000s ]
SQL: SHOW COLUMNS FROM `tp_option` [ RunTime:0.004001s ]
SQL: SELECT * FROM `tp_option` WHERE ( qid=1457 ) ORDER BY order_num asc  [ RunTime:0.008000s ]

[ 2015-07-06T09:51:19+08:00 ] ::1 /jx/index.php/Home/Index/exportTheme
INFO: [ app_begin ] --START--
INFO: Run Behavior\ReadHtmlCacheBehavior [ RunTime:0.001000s ]
INFO: [ app_begin ] --END-- [ RunTime:0.001000s ]
SQL: SHOW COLUMNS FROM `tp_question` [ RunTime:0.005000s ]
SQL: SELECT * FROM `tp_question` WHERE `id` = 819 LIMIT 1   [ RunTime:0.001000s ]
SQL: SHOW COLUMNS FROM `tp_option` [ RunTime:0.004000s ]
SQL: SELECT * FROM `tp_option` WHERE ( qid=819 ) ORDER BY order_num asc  [ RunTime:0.009001s ]

[ 2015-07-06T09:51:19+08:00 ] ::1 /jx/index.php/Home/Index/exportTheme
INFO: [ app_begin ] --START--
INFO: Run Behavior\ReadHtmlCacheBehavior [ RunTime:0.001000s ]
INFO: [ app_begin ] --END-- [ RunTime:0.002001s ]
SQL: SHOW COLUMNS FROM `tp_question` [ RunTime:0.005000s ]
SQL: SELECT * FROM `tp_question` WHERE `id` = 394 LIMIT 1   [ RunTime:0.001000s ]
SQL: SHOW COLUMNS FROM `tp_option` [ RunTime:0.004000s ]
SQL: SELECT * FROM `tp_option` WHERE ( qid=394 ) ORDER BY order_num asc  [ RunTime:0.008001s ]

[ 2015-07-06T09:51:19+08:00 ] ::1 /jx/index.php/Home/Index/exportTheme
INFO: [ app_begin ] --START--
INFO: Run Behavior\ReadHtmlCacheBehavior [ RunTime:0.001000s ]
INFO: [ app_begin ] --END-- [ RunTime:0.001000s ]
SQL: SHOW COLUMNS FROM `tp_question` [ RunTime:0.005000s ]
SQL: SELECT * FROM `tp_question` WHERE `id` = 139 LIMIT 1   [ RunTime:0.001000s ]
SQL: SHOW COLUMNS FROM `tp_option` [ RunTime:0.004000s ]
SQL: SELECT * FROM `tp_option` WHERE ( qid=139 ) ORDER BY order_num asc  [ RunTime:0.008001s ]

[ 2015-07-06T09:51:20+08:00 ] ::1 /jx/index.php/Home/Index/exportTheme
INFO: [ app_begin ] --START--
INFO: Run Behavior\ReadHtmlCacheBehavior [ RunTime:0.001000s ]
INFO: [ app_begin ] --END-- [ RunTime:0.001000s ]
SQL: SHOW COLUMNS FROM `tp_question` [ RunTime:0.005000s ]
SQL: SELECT * FROM `tp_question` WHERE `id` = 95 LIMIT 1   [ RunTime:0.001000s ]
SQL: SHOW COLUMNS FROM `tp_option` [ RunTime:0.004000s ]
SQL: SELECT * FROM `tp_option` WHERE ( qid=95 ) ORDER BY order_num asc  [ RunTime:0.009001s ]

[ 2015-07-06T09:51:20+08:00 ] ::1 /jx/index.php/Home/Index/exportTheme
INFO: [ app_begin ] --START--
INFO: Run Behavior\ReadHtmlCacheBehavior [ RunTime:0.001000s ]
INFO: [ app_begin ] --END-- [ RunTime:0.001000s ]
SQL: SHOW COLUMNS FROM `tp_question` [ RunTime:0.005000s ]
SQL: SELECT * FROM `tp_question` WHERE `id` = 708 LIMIT 1   [ RunTime:0.001000s ]
SQL: SHOW COLUMNS FROM `tp_option` [ RunTime:0.003000s ]
SQL: SELECT * FROM `tp_option` WHERE ( qid=708 ) ORDER BY order_num asc  [ RunTime:0.009001s ]

[ 2015-07-06T09:51:20+08:00 ] ::1 /jx/index.php/Home/Index/exportTheme
INFO: [ app_begin ] --START--
INFO: Run Behavior\ReadHtmlCacheBehavior [ RunTime:0.001000s ]
INFO: [ app_begin ] --END-- [ RunTime:0.001000s ]
SQL: SHOW COLUMNS FROM `tp_question` [ RunTime:0.005000s ]
SQL: SELECT * FROM `tp_question` WHERE `id` = 445 LIMIT 1   [ RunTime:0.002000s ]
SQL: SHOW COLUMNS FROM `tp_option` [ RunTime:0.004000s ]
SQL: SELECT * FROM `tp_option` WHERE ( qid=445 ) ORDER BY order_num asc  [ RunTime:0.009001s ]

[ 2015-07-06T09:51:20+08:00 ] ::1 /jx/index.php/Home/Index/exportTheme
INFO: [ app_begin ] --START--
INFO: Run Behavior\ReadHtmlCacheBehavior [ RunTime:0.001000s ]
INFO: [ app_begin ] --END-- [ RunTime:0.001000s ]
SQL: SHOW COLUMNS FROM `tp_question` [ RunTime:0.005000s ]
SQL: SELECT * FROM `tp_question` WHERE `id` = 947 LIMIT 1   [ RunTime:0.001000s ]
SQL: SHOW COLUMNS FROM `tp_option` [ RunTime:0.004001s ]
SQL: SELECT * FROM `tp_option` WHERE ( qid=947 ) ORDER BY order_num asc  [ RunTime:0.009000s ]

[ 2015-07-06T09:51:20+08:00 ] ::1 /jx/index.php/Home/Index/exportTheme
INFO: [ app_begin ] --START--
INFO: Run Behavior\ReadHtmlCacheBehavior [ RunTime:0.001000s ]
INFO: [ app_begin ] --END-- [ RunTime:0.001000s ]
SQL: SHOW COLUMNS FROM `tp_question` [ RunTime:0.005000s ]
SQL: SELECT * FROM `tp_question` WHERE `id` = 1454 LIMIT 1   [ RunTime:0.002000s ]
SQL: SHOW COLUMNS FROM `tp_option` [ RunTime:0.004000s ]
SQL: SELECT * FROM `tp_option` WHERE ( qid=1454 ) ORDER BY order_num asc  [ RunTime:0.009001s ]

[ 2015-07-06T09:51:20+08:00 ] ::1 /jx/index.php/Home/Index/exportTheme
INFO: [ app_begin ] --START--
INFO: Run Behavior\ReadHtmlCacheBehavior [ RunTime:0.000000s ]
INFO: [ app_begin ] --END-- [ RunTime:0.001000s ]
SQL: SHOW COLUMNS FROM `tp_question` [ RunTime:0.005000s ]
SQL: SELECT * FROM `tp_question` WHERE `id` = 1461 LIMIT 1   [ RunTime:0.001000s ]
SQL: SHOW COLUMNS FROM `tp_option` [ RunTime:0.004000s ]
SQL: SELECT * FROM `tp_option` WHERE ( qid=1461 ) ORDER BY order_num asc  [ RunTime:0.009001s ]

[ 2015-07-06T09:51:21+08:00 ] ::1 /jx/index.php/Home/Index/exportTheme
INFO: [ app_begin ] --START--
INFO: Run Behavior\ReadHtmlCacheBehavior [ RunTime:0.001001s ]
INFO: [ app_begin ] --END-- [ RunTime:0.001001s ]
SQL: SHOW COLUMNS FROM `tp_question` [ RunTime:0.013001s ]
SQL: SELECT * FROM `tp_question` WHERE `id` = 555 LIMIT 1   [ RunTime:0.001000s ]
SQL: SHOW COLUMNS FROM `tp_option` [ RunTime:0.004000s ]
SQL: SELECT * FROM `tp_option` WHERE ( qid=555 ) ORDER BY order_num asc  [ RunTime:0.009001s ]

[ 2015-07-06T09:51:21+08:00 ] ::1 /jx/index.php/Home/Index/exportTheme
INFO: [ app_begin ] --START--
INFO: Run Behavior\ReadHtmlCacheBehavior [ RunTime:0.000000s ]
INFO: [ app_begin ] --END-- [ RunTime:0.001000s ]
SQL: SHOW COLUMNS FROM `tp_question` [ RunTime:0.006000s ]
SQL: SELECT * FROM `tp_question` WHERE `id` = 3006 LIMIT 1   [ RunTime:0.001000s ]
SQL: SHOW COLUMNS FROM `tp_option` [ RunTime:0.004000s ]
SQL: SELECT * FROM `tp_option` WHERE ( qid=3006 ) ORDER BY order_num asc  [ RunTime:0.009001s ]

[ 2015-07-06T09:51:21+08:00 ] ::1 /jx/index.php/Home/Index/exportTheme
INFO: [ app_begin ] --START--
INFO: Run Behavior\ReadHtmlCacheBehavior [ RunTime:0.001000s ]
INFO: [ app_begin ] --END-- [ RunTime:0.001000s ]
SQL: SHOW COLUMNS FROM `tp_question` [ RunTime:0.005000s ]
SQL: SELECT * FROM `tp_question` WHERE `id` = 555 LIMIT 1   [ RunTime:0.002000s ]
SQL: SHOW COLUMNS FROM `tp_option` [ RunTime:0.004000s ]
SQL: SELECT * FROM `tp_option` WHERE ( qid=555 ) ORDER BY order_num asc  [ RunTime:0.009001s ]

[ 2015-07-06T09:51:22+08:00 ] ::1 /jx/index.php/Home/Index/exportTheme
INFO: [ app_begin ] --START--
INFO: Run Behavior\ReadHtmlCacheBehavior [ RunTime:0.001000s ]
INFO: [ app_begin ] --END-- [ RunTime:0.001000s ]
SQL: SHOW COLUMNS FROM `tp_question` [ RunTime:0.005001s ]
SQL: SELECT * FROM `tp_question` WHERE `id` = 1461 LIMIT 1   [ RunTime:0.001000s ]
SQL: SHOW COLUMNS FROM `tp_option` [ RunTime:0.004000s ]
SQL: SELECT * FROM `tp_option` WHERE ( qid=1461 ) ORDER BY order_num asc  [ RunTime:0.009001s ]

[ 2015-07-06T09:51:23+08:00 ] ::1 /jx/index.php/Home/Index/exportTheme
INFO: [ app_begin ] --START--
INFO: Run Behavior\ReadHtmlCacheBehavior [ RunTime:0.000000s ]
INFO: [ app_begin ] --END-- [ RunTime:0.002000s ]
SQL: SHOW COLUMNS FROM `tp_question` [ RunTime:0.005001s ]
SQL: SELECT * FROM `tp_question` WHERE `id` = 1454 LIMIT 1   [ RunTime:0.002000s ]
SQL: SHOW COLUMNS FROM `tp_option` [ RunTime:0.004000s ]
SQL: SELECT * FROM `tp_option` WHERE ( qid=1454 ) ORDER BY order_num asc  [ RunTime:0.009000s ]

[ 2015-07-06T09:53:20+08:00 ] ::1 /jx/index.php/Home/Index/exportTheme
INFO: [ app_begin ] --START--
INFO: Run Behavior\ReadHtmlCacheBehavior [ RunTime:0.001000s ]
INFO: [ app_begin ] --END-- [ RunTime:0.001000s ]
SQL: SHOW COLUMNS FROM `tp_question` [ RunTime:0.005000s ]
SQL: SELECT * FROM `tp_question` WHERE `id` = 94 LIMIT 1   [ RunTime:0.001001s ]
SQL: SHOW COLUMNS FROM `tp_option` [ RunTime:0.004000s ]
SQL: SELECT * FROM `tp_option` WHERE ( qid=94 ) ORDER BY order_num asc  [ RunTime:0.010000s ]

[ 2015-07-06T09:54:31+08:00 ] ::1 /jx/index.php/Home/Index/exportTheme
INFO: [ app_begin ] --START--
INFO: Run Behavior\ReadHtmlCacheBehavior [ RunTime:0.001000s ]
INFO: [ app_begin ] --END-- [ RunTime:0.001000s ]
SQL: SHOW COLUMNS FROM `tp_question` [ RunTime:0.005001s ]
SQL: SELECT * FROM `tp_question` WHERE `id` = 2178 LIMIT 1   [ RunTime:0.002000s ]
SQL: SHOW COLUMNS FROM `tp_option` [ RunTime:0.004000s ]
SQL: SELECT * FROM `tp_option` WHERE ( qid=2178 ) ORDER BY order_num asc  [ RunTime:0.009000s ]

[ 2015-07-06T09:54:39+08:00 ] ::1 /jx/index.php/Home/Index/exportTheme
INFO: [ app_begin ] --START--
INFO: Run Behavior\ReadHtmlCacheBehavior [ RunTime:0.000000s ]
INFO: [ app_begin ] --END-- [ RunTime:0.001001s ]
SQL: SHOW COLUMNS FROM `tp_question` [ RunTime:0.005001s ]
SQL: SELECT * FROM `tp_question` WHERE `id` = 125 LIMIT 1   [ RunTime:0.001000s ]
SQL: SHOW COLUMNS FROM `tp_option` [ RunTime:0.004000s ]
SQL: SELECT * FROM `tp_option` WHERE ( qid=125 ) ORDER BY order_num asc  [ RunTime:0.009000s ]

[ 2015-07-06T09:55:39+08:00 ] ::1 /jx/index.php/Home/Index/exportTheme
INFO: [ app_begin ] --START--
INFO: Run Behavior\ReadHtmlCacheBehavior [ RunTime:0.000000s ]
INFO: [ app_begin ] --END-- [ RunTime:0.001000s ]
SQL: SHOW COLUMNS FROM `tp_question` [ RunTime:0.005000s ]
SQL: SELECT * FROM `tp_question` WHERE `id` = 708 LIMIT 1   [ RunTime:0.001000s ]
SQL: SHOW COLUMNS FROM `tp_option` [ RunTime:0.004000s ]
SQL: SELECT * FROM `tp_option` WHERE ( qid=708 ) ORDER BY order_num asc  [ RunTime:0.009001s ]

[ 2015-07-06T09:58:04+08:00 ] ::1 /jx/index.php/Home/Index/exportTheme
INFO: [ app_begin ] --START--
INFO: Run Behavior\ReadHtmlCacheBehavior [ RunTime:0.000000s ]
INFO: [ app_begin ] --END-- [ RunTime:0.001001s ]
SQL: SHOW COLUMNS FROM `tp_question` [ RunTime:0.005001s ]
SQL: SELECT * FROM `tp_question` WHERE `id` = 938 LIMIT 1   [ RunTime:0.001000s ]
SQL: SHOW COLUMNS FROM `tp_option` [ RunTime:0.004000s ]
SQL: SELECT * FROM `tp_option` WHERE ( qid=938 ) ORDER BY order_num asc  [ RunTime:0.009000s ]

[ 2015-07-06T09:58:32+08:00 ] ::1 /jx/index.php/Home/Index/exportTheme
INFO: [ app_begin ] --START--
INFO: Run Behavior\ReadHtmlCacheBehavior [ RunTime:0.001000s ]
INFO: [ app_begin ] --END-- [ RunTime:0.002000s ]
SQL: SHOW COLUMNS FROM `tp_question` [ RunTime:0.005000s ]
SQL: SELECT * FROM `tp_question` WHERE `id` = 1468 LIMIT 1   [ RunTime:0.001000s ]
SQL: SHOW COLUMNS FROM `tp_option` [ RunTime:0.004000s ]
SQL: SELECT * FROM `tp_option` WHERE ( qid=1468 ) ORDER BY order_num asc  [ RunTime:0.010001s ]

[ 2015-07-06T09:58:52+08:00 ] ::1 /jx/index.php/Home/Index/exportTheme
INFO: [ app_begin ] --START--
INFO: Run Behavior\ReadHtmlCacheBehavior [ RunTime:0.000000s ]
INFO: [ app_begin ] --END-- [ RunTime:0.001000s ]
SQL: SHOW COLUMNS FROM `tp_question` [ RunTime:0.005000s ]
SQL: SELECT * FROM `tp_question` WHERE `id` = 2183 LIMIT 1   [ RunTime:0.001000s ]
SQL: SHOW COLUMNS FROM `tp_option` [ RunTime:0.004000s ]
SQL: SELECT * FROM `tp_option` WHERE ( qid=2183 ) ORDER BY order_num asc  [ RunTime:0.009001s ]

[ 2015-07-06T10:00:09+08:00 ] ::1 /jx/index.php/Home/Index/exportTheme
INFO: [ app_begin ] --START--
INFO: Run Behavior\ReadHtmlCacheBehavior [ RunTime:0.001000s ]
INFO: [ app_begin ] --END-- [ RunTime:0.001000s ]
SQL: SHOW COLUMNS FROM `tp_question` [ RunTime:0.005000s ]
SQL: SELECT * FROM `tp_question` WHERE `id` = 839 LIMIT 1   [ RunTime:0.001000s ]
SQL: SHOW COLUMNS FROM `tp_option` [ RunTime:0.005001s ]
SQL: SELECT * FROM `tp_option` WHERE ( qid=839 ) ORDER BY order_num asc  [ RunTime:0.009000s ]

[ 2015-07-06T15:02:33+08:00 ] ::1 /jx/index.php/Home/Index/exportTheme
INFO: [ app_begin ] --START--
INFO: Run Behavior\ReadHtmlCacheBehavior [ RunTime:0.000000s ]
INFO: [ app_begin ] --END-- [ RunTime:0.002000s ]
SQL: SHOW COLUMNS FROM `tp_question` [ RunTime:0.005000s ]
SQL: SELECT * FROM `tp_question` WHERE `id` = 1153 LIMIT 1   [ RunTime:0.001000s ]
SQL: SHOW COLUMNS FROM `tp_option` [ RunTime:0.004000s ]
SQL: SELECT * FROM `tp_option` WHERE ( qid=1153 ) ORDER BY order_num asc  [ RunTime:0.009000s ]

[ 2015-07-06T15:03:05+08:00 ] ::1 /jx/index.php/Home/Index/exportTheme
INFO: [ app_begin ] --START--
INFO: Run Behavior\ReadHtmlCacheBehavior [ RunTime:0.002000s ]
INFO: [ app_begin ] --END-- [ RunTime:0.002000s ]
SQL: SHOW COLUMNS FROM `tp_question` [ RunTime:0.005000s ]
SQL: SELECT * FROM `tp_question` WHERE `id` = 1362 LIMIT 1   [ RunTime:0.001000s ]
SQL: SHOW COLUMNS FROM `tp_option` [ RunTime:0.004000s ]
SQL: SELECT * FROM `tp_option` WHERE ( qid=1362 ) ORDER BY order_num asc  [ RunTime:0.009001s ]

[ 2015-07-06T15:03:12+08:00 ] ::1 /jx/index.php/Home/Index/exportTheme
INFO: [ app_begin ] --START--
INFO: Run Behavior\ReadHtmlCacheBehavior [ RunTime:0.001000s ]
INFO: [ app_begin ] --END-- [ RunTime:0.001000s ]
SQL: SHOW COLUMNS FROM `tp_question` [ RunTime:0.005000s ]
SQL: SELECT * FROM `tp_question` WHERE `id` = 185 LIMIT 1   [ RunTime:0.001000s ]
SQL: SHOW COLUMNS FROM `tp_option` [ RunTime:0.004001s ]
SQL: SELECT * FROM `tp_option` WHERE ( qid=185 ) ORDER BY order_num asc  [ RunTime:0.013000s ]

[ 2015-07-06T15:13:02+08:00 ] ::1 /jx/index.php/Home/Index/exportTheme
INFO: [ app_begin ] --START--
INFO: Run Behavior\ReadHtmlCacheBehavior [ RunTime:0.001000s ]
INFO: [ app_begin ] --END-- [ RunTime:0.003000s ]
SQL: SHOW COLUMNS FROM `tp_question` [ RunTime:0.005000s ]
SQL: SELECT * FROM `tp_question` WHERE `id` = 1478 LIMIT 1   [ RunTime:0.001000s ]
SQL: SHOW COLUMNS FROM `tp_option` [ RunTime:0.003000s ]
SQL: SELECT * FROM `tp_option` WHERE ( qid=1478 ) ORDER BY order_num asc  [ RunTime:0.009001s ]

[ 2015-07-06T15:13:08+08:00 ] ::1 /jx/index.php/Home/Index/exportTheme
INFO: [ app_begin ] --START--
INFO: Run Behavior\ReadHtmlCacheBehavior [ RunTime:0.001000s ]
INFO: [ app_begin ] --END-- [ RunTime:0.002000s ]
SQL: SHOW COLUMNS FROM `tp_question` [ RunTime:0.005000s ]
SQL: SELECT * FROM `tp_question` WHERE `id` = 445 LIMIT 1   [ RunTime:0.001000s ]
SQL: SHOW COLUMNS FROM `tp_option` [ RunTime:0.004001s ]
SQL: SELECT * FROM `tp_option` WHERE ( qid=445 ) ORDER BY order_num asc  [ RunTime:0.009000s ]

[ 2015-07-06T15:13:31+08:00 ] ::1 /jx/index.php/Home/Index/exportTheme
INFO: [ app_begin ] --START--
INFO: Run Behavior\ReadHtmlCacheBehavior [ RunTime:0.001000s ]
INFO: [ app_begin ] --END-- [ RunTime:0.001000s ]
SQL: SHOW COLUMNS FROM `tp_question` [ RunTime:0.005000s ]
SQL: SELECT * FROM `tp_question` WHERE `id` = 85 LIMIT 1   [ RunTime:0.001000s ]
SQL: SHOW COLUMNS FROM `tp_option` [ RunTime:0.003001s ]
SQL: SELECT * FROM `tp_option` WHERE ( qid=85 ) ORDER BY order_num asc  [ RunTime:0.009000s ]

[ 2015-07-06T15:17:34+08:00 ] ::1 /jx/index.php/Home/Index/exportTheme
INFO: [ app_begin ] --START--
INFO: Run Behavior\ReadHtmlCacheBehavior [ RunTime:0.001000s ]
INFO: [ app_begin ] --END-- [ RunTime:0.001000s ]
SQL: SHOW COLUMNS FROM `tp_question` [ RunTime:0.005000s ]
SQL: SELECT * FROM `tp_question` WHERE `id` = 236 LIMIT 1   [ RunTime:0.001001s ]
SQL: SHOW COLUMNS FROM `tp_option` [ RunTime:0.005000s ]
SQL: SELECT * FROM `tp_option` WHERE ( qid=236 ) ORDER BY order_num asc  [ RunTime:0.009000s ]

[ 2015-07-06T15:17:58+08:00 ] ::1 /jx/index.php/Home/Index/exportTheme
INFO: [ app_begin ] --START--
INFO: Run Behavior\ReadHtmlCacheBehavior [ RunTime:0.001000s ]
INFO: [ app_begin ] --END-- [ RunTime:0.002000s ]
SQL: SHOW COLUMNS FROM `tp_question` [ RunTime:0.005000s ]
SQL: SELECT * FROM `tp_question` WHERE `id` = 1303 LIMIT 1   [ RunTime:0.002000s ]
SQL: SHOW COLUMNS FROM `tp_option` [ RunTime:0.005001s ]
SQL: SELECT * FROM `tp_option` WHERE ( qid=1303 ) ORDER BY order_num asc  [ RunTime:0.010000s ]

[ 2015-07-06T15:18:20+08:00 ] ::1 /jx/index.php/Home/Index/exportTheme
INFO: [ app_begin ] --START--
INFO: Run Behavior\ReadHtmlCacheBehavior [ RunTime:0.000000s ]
INFO: [ app_begin ] --END-- [ RunTime:0.002000s ]
SQL: SHOW COLUMNS FROM `tp_question` [ RunTime:0.005000s ]
SQL: SELECT * FROM `tp_question` WHERE `id` = 1241 LIMIT 1   [ RunTime:0.001000s ]
SQL: SHOW COLUMNS FROM `tp_option` [ RunTime:0.004000s ]
SQL: SELECT * FROM `tp_option` WHERE ( qid=1241 ) ORDER BY order_num asc  [ RunTime:0.008001s ]

[ 2015-07-06T15:18:36+08:00 ] ::1 /jx/index.php/Home/Index/exportTheme
INFO: [ app_begin ] --START--
INFO: Run Behavior\ReadHtmlCacheBehavior [ RunTime:0.001000s ]
INFO: [ app_begin ] --END-- [ RunTime:0.001000s ]
SQL: SHOW COLUMNS FROM `tp_question` [ RunTime:0.005000s ]
SQL: SELECT * FROM `tp_question` WHERE `id` = 450 LIMIT 1   [ RunTime:0.003000s ]
SQL: SHOW COLUMNS FROM `tp_option` [ RunTime:0.004000s ]
SQL: SELECT * FROM `tp_option` WHERE ( qid=450 ) ORDER BY order_num asc  [ RunTime:0.009001s ]

[ 2015-07-06T17:34:03+08:00 ] ::1 /jx/index.php/Home/Index/exportTheme
INFO: [ app_begin ] --START--
INFO: Run Behavior\ReadHtmlCacheBehavior [ RunTime:0.001000s ]
INFO: [ app_begin ] --END-- [ RunTime:0.002000s ]
SQL: SHOW COLUMNS FROM `tp_question` [ RunTime:0.005000s ]
SQL: SELECT * FROM `tp_question` WHERE `id` = 1185 LIMIT 1   [ RunTime:0.001000s ]
SQL: SHOW COLUMNS FROM `tp_option` [ RunTime:0.004000s ]
SQL: SELECT * FROM `tp_option` WHERE ( qid=1185 ) ORDER BY order_num asc  [ RunTime:0.009001s ]

