[ 2015-04-23T08:07:33+08:00 ] ::1 /grid_lyj/
INFO: [ app_init ] --START--
INFO: Run Behavior\BuildLiteBehavior [ RunTime:0.000000s ]
INFO: [ app_init ] --END-- [ RunTime:0.000000s ]
INFO: [ app_begin ] --START--
INFO: Run Behavior\ReadHtmlCacheBehavior [ RunTime:0.000000s ]
INFO: [ app_begin ] --END-- [ RunTime:0.001000s ]
INFO: [ view_parse ] --START--
INFO: Run Behavior\ParseTemplateBehavior [ RunTime:0.000000s ]
INFO: [ view_parse ] --END-- [ RunTime:0.000000s ]
INFO: [ view_filter ] --START--
INFO: Run Behavior\WriteHtmlCacheBehavior [ RunTime:0.000000s ]
INFO: [ view_filter ] --END-- [ RunTime:0.001000s ]
INFO: [ app_end ] --START--
INFO: Run Behavior\ShowPageTraceBehavior [ RunTime:0.001000s ]
INFO: [ app_end ] --END-- [ RunTime:0.001000s ]

[ 2015-04-23T11:04:49+08:00 ] ::1 /grid_lyj/index.php/home/Gzhd/gzhd
INFO: [ app_init ] --START--
INFO: Run Behavior\BuildLiteBehavior [ RunTime:0.000000s ]
INFO: [ app_init ] --END-- [ RunTime:0.001000s ]
INFO: [ app_begin ] --START--
INFO: Run Behavior\ReadHtmlCacheBehavior [ RunTime:0.001000s ]
INFO: [ app_begin ] --END-- [ RunTime:0.001000s ]
NOTIC: [8] Undefined index: gzhd E:\WWW\grid_lyj\Application\Home\Controller\GzhdController.class.php Á¨¨ 13 Ë°å.
ERR: Ê®°Êùø‰∏çÂ≠òÂú®:./Application/Home/View/Gzhd/gzhd.html

[ 2015-04-23T11:08:13+08:00 ] ::1 /grid_lyj/index.php/home/Gzhd/
INFO: [ app_init ] --START--
INFO: Run Behavior\BuildLiteBehavior [ RunTime:0.000000s ]
INFO: [ app_init ] --END-- [ RunTime:0.000000s ]
INFO: [ app_begin ] --START--
INFO: Run Behavior\ReadHtmlCacheBehavior [ RunTime:0.001000s ]
INFO: [ app_begin ] --END-- [ RunTime:0.001000s ]
INFO: [ view_parse ] --START--
INFO: Run Behavior\ParseTemplateBehavior [ RunTime:0.000000s ]
INFO: [ view_parse ] --END-- [ RunTime:0.000000s ]
INFO: [ view_filter ] --START--
INFO: Run Behavior\WriteHtmlCacheBehavior [ RunTime:0.001000s ]
INFO: [ view_filter ] --END-- [ RunTime:0.001000s ]
INFO: [ app_end ] --START--
INFO: Run Behavior\ShowPageTraceBehavior [ RunTime:0.001000s ]
INFO: [ app_end ] --END-- [ RunTime:0.001000s ]

[ 2015-04-23T11:10:05+08:00 ] ::1 /grid_lyj/index.php/home/Gzhd/gzhdMain
INFO: [ app_init ] --START--
INFO: Run Behavior\BuildLiteBehavior [ RunTime:0.000000s ]
INFO: [ app_init ] --END-- [ RunTime:0.000000s ]
INFO: [ app_begin ] --START--
INFO: Run Behavior\ReadHtmlCacheBehavior [ RunTime:0.000000s ]
INFO: [ app_begin ] --END-- [ RunTime:0.000000s ]
NOTIC: [8] Undefined index: gzhd E:\WWW\grid_lyj\Application\Home\Controller\GzhdController.class.php Á¨¨ 13 Ë°å.
ERR: Ê®°Êùø‰∏çÂ≠òÂú®:./Application/Home/View/Gzhd/gzhdMain.html

[ 2015-04-23T11:10:58+08:00 ] ::1 /grid_lyj/index.php/Home/Gzhd/gzhdMain
INFO: [ app_init ] --START--
INFO: Run Behavior\BuildLiteBehavior [ RunTime:0.000000s ]
INFO: [ app_init ] --END-- [ RunTime:0.001000s ]
INFO: [ app_begin ] --START--
INFO: Run Behavior\ReadHtmlCacheBehavior [ RunTime:0.001000s ]
INFO: [ app_begin ] --END-- [ RunTime:0.001000s ]
NOTIC: [8] Undefined index: gzhd E:\WWW\grid_lyj\Application\Home\Controller\GzhdController.class.php Á¨¨ 13 Ë°å.
ERR: Ê®°Êùø‰∏çÂ≠òÂú®:./Application/Home/View/Gzhd/gzhdMain.html

[ 2015-04-23T11:11:04+08:00 ] ::1 /grid_lyj/index.php/Home/Gzhd/gzhdMain
INFO: [ app_init ] --START--
INFO: Run Behavior\BuildLiteBehavior [ RunTime:0.000000s ]
INFO: [ app_init ] --END-- [ RunTime:0.002001s ]
INFO: [ app_begin ] --START--
INFO: Run Behavior\ReadHtmlCacheBehavior [ RunTime:0.001000s ]
INFO: [ app_begin ] --END-- [ RunTime:0.001000s ]
NOTIC: [8] Undefined index: gzhd E:\WWW\grid_lyj\Application\Home\Controller\GzhdController.class.php Á¨¨ 13 Ë°å.
ERR: Ê®°Êùø‰∏çÂ≠òÂú®:./Application/Home/View/Gzhd/gzhdMain.html

[ 2015-04-23T11:11:57+08:00 ] ::1 /grid_lyj/index.php/Home/Gzhd/gzhd
INFO: [ app_init ] --START--
INFO: Run Behavior\BuildLiteBehavior [ RunTime:0.000000s ]
INFO: [ app_init ] --END-- [ RunTime:0.000000s ]
INFO: [ app_begin ] --START--
INFO: Run Behavior\ReadHtmlCacheBehavior [ RunTime:0.001000s ]
INFO: [ app_begin ] --END-- [ RunTime:0.001000s ]
NOTIC: [8] Undefined index: gzhd E:\WWW\grid_lyj\Application\Home\Controller\GzhdController.class.php Á¨¨ 13 Ë°å.
INFO: [ view_parse ] --START--
INFO: [ template_filter ] --START--
INFO: Run Behavior\ContentReplaceBehavior [ RunTime:0.000000s ]
INFO: [ template_filter ] --END-- [ RunTime:0.000000s ]
INFO: Run Behavior\ParseTemplateBehavior [ RunTime:0.013001s ]
INFO: [ view_parse ] --END-- [ RunTime:0.013001s ]
INFO: [ view_filter ] --START--
INFO: Run Behavior\WriteHtmlCacheBehavior [ RunTime:0.001000s ]
INFO: [ view_filter ] --END-- [ RunTime:0.001000s ]
INFO: [ app_end ] --START--
INFO: Run Behavior\ShowPageTraceBehavior [ RunTime:0.000000s ]
INFO: [ app_end ] --END-- [ RunTime:0.000000s ]

[ 2015-04-23T11:12:27+08:00 ] ::1 /grid_lyj/index.php/Home/Gzhd/gzhd?group=%E5%B1%80%E9%95%BF%E4%BF%A1%E7%AE%B1
INFO: [ app_init ] --START--
INFO: Run Behavior\BuildLiteBehavior [ RunTime:0.000000s ]
INFO: [ app_init ] --END-- [ RunTime:0.000000s ]
INFO: [ app_begin ] --START--
INFO: Run Behavior\ReadHtmlCacheBehavior [ RunTime:0.001000s ]
INFO: [ app_begin ] --END-- [ RunTime:0.001000s ]
NOTIC: [8] Undefined index: gzhd E:\WWW\grid_lyj\Application\Home\Controller\GzhdController.class.php Á¨¨ 13 Ë°å.
INFO: [ view_parse ] --START--
INFO: [ template_filter ] --START--
INFO: Run Behavior\ContentReplaceBehavior [ RunTime:0.000000s ]
INFO: [ template_filter ] --END-- [ RunTime:0.000000s ]
INFO: Run Behavior\ParseTemplateBehavior [ RunTime:0.012001s ]
INFO: [ view_parse ] --END-- [ RunTime:0.012001s ]
INFO: [ view_filter ] --START--
INFO: Run Behavior\WriteHtmlCacheBehavior [ RunTime:0.000000s ]
INFO: [ view_filter ] --END-- [ RunTime:0.000000s ]
INFO: [ app_end ] --START--
INFO: Run Behavior\ShowPageTraceBehavior [ RunTime:0.013001s ]
INFO: [ app_end ] --END-- [ RunTime:0.013001s ]

[ 2015-04-23T11:12:50+08:00 ] ::1 /grid_lyj/index.php/Home/Gzhd/gzhd?group=%E5%B1%80%E9%95%BF%E4%BF%A1%E7%AE%B1
INFO: [ app_init ] --START--
INFO: Run Behavior\BuildLiteBehavior [ RunTime:0.000000s ]
INFO: [ app_init ] --END-- [ RunTime:0.001000s ]
INFO: [ app_begin ] --START--
INFO: Run Behavior\ReadHtmlCacheBehavior [ RunTime:0.001000s ]
INFO: [ app_begin ] --END-- [ RunTime:0.001000s ]
INFO: [ view_parse ] --START--
INFO: [ template_filter ] --START--
INFO: Run Behavior\ContentReplaceBehavior [ RunTime:0.000000s ]
INFO: [ template_filter ] --END-- [ RunTime:0.000000s ]
NOTIC: [8] Undefined variable: gzhd E:\WWW\grid_lyj\Application\Runtime\Cache\Home\6880840055f5d7bd4b87db5e89759ee1.php Á¨¨ 12 Ë°å.
INFO: Run Behavior\ParseTemplateBehavior [ RunTime:0.010001s ]
INFO: [ view_parse ] --END-- [ RunTime:0.010001s ]
INFO: [ view_filter ] --START--
INFO: Run Behavior\WriteHtmlCacheBehavior [ RunTime:0.000000s ]
INFO: [ view_filter ] --END-- [ RunTime:0.001000s ]
INFO: [ app_end ] --START--
INFO: Run Behavior\ShowPageTraceBehavior [ RunTime:0.000000s ]
INFO: [ app_end ] --END-- [ RunTime:0.000000s ]

[ 2015-04-23T11:12:54+08:00 ] ::1 /grid_lyj/index.php/Home/Gzhd/gzhd?group=%E5%B1%80%E9%95%BF%E4%BF%A1%E7%AE%B1
INFO: [ app_init ] --START--
INFO: Run Behavior\BuildLiteBehavior [ RunTime:0.000000s ]
INFO: [ app_init ] --END-- [ RunTime:0.001000s ]
INFO: [ app_begin ] --START--
INFO: Run Behavior\ReadHtmlCacheBehavior [ RunTime:0.001000s ]
INFO: [ app_begin ] --END-- [ RunTime:0.001000s ]
INFO: [ view_parse ] --START--
INFO: [ template_filter ] --START--
INFO: Run Behavior\ContentReplaceBehavior [ RunTime:0.001000s ]
INFO: [ template_filter ] --END-- [ RunTime:0.001000s ]
NOTIC: [8] Undefined variable: gzhd E:\WWW\grid_lyj\Application\Runtime\Cache\Home\6880840055f5d7bd4b87db5e89759ee1.php Á¨¨ 12 Ë°å.
INFO: Run Behavior\ParseTemplateBehavior [ RunTime:0.010001s ]
INFO: [ view_parse ] --END-- [ RunTime:0.010001s ]
INFO: [ view_filter ] --START--
INFO: Run Behavior\WriteHtmlCacheBehavior [ RunTime:0.000000s ]
INFO: [ view_filter ] --END-- [ RunTime:0.000000s ]
INFO: [ app_end ] --START--
INFO: Run Behavior\ShowPageTraceBehavior [ RunTime:0.001000s ]
INFO: [ app_end ] --END-- [ RunTime:0.001000s ]

[ 2015-04-23T11:13:04+08:00 ] ::1 /grid_lyj/index.php/Home/Gzhd/gzhd?group=%E5%B1%80%E9%95%BF%E4%BF%A1%E7%AE%B1
INFO: [ app_init ] --START--
INFO: Run Behavior\BuildLiteBehavior [ RunTime:0.000000s ]
INFO: [ app_init ] --END-- [ RunTime:0.000000s ]
INFO: [ app_begin ] --START--
INFO: Run Behavior\ReadHtmlCacheBehavior [ RunTime:0.001000s ]
INFO: [ app_begin ] --END-- [ RunTime:0.001000s ]
INFO: [ view_parse ] --START--
INFO: [ template_filter ] --START--
INFO: Run Behavior\ContentReplaceBehavior [ RunTime:0.000000s ]
INFO: [ template_filter ] --END-- [ RunTime:0.000000s ]
INFO: Run Behavior\ParseTemplateBehavior [ RunTime:0.009001s ]
INFO: [ view_parse ] --END-- [ RunTime:0.009001s ]
INFO: [ view_filter ] --START--
INFO: Run Behavior\WriteHtmlCacheBehavior [ RunTime:0.001000s ]
INFO: [ view_filter ] --END-- [ RunTime:0.001000s ]
INFO: [ app_end ] --START--
INFO: Run Behavior\ShowPageTraceBehavior [ RunTime:0.001000s ]
INFO: [ app_end ] --END-- [ RunTime:0.001000s ]

[ 2015-04-23T11:13:08+08:00 ] ::1 /grid_lyj/index.php/Home/Gzhd/gzhd?group=%E5%B1%80%E9%95%BF%E4%BF%A1%E7%AE%B1
INFO: [ app_init ] --START--
INFO: Run Behavior\BuildLiteBehavior [ RunTime:0.000000s ]
INFO: [ app_init ] --END-- [ RunTime:0.001000s ]
INFO: [ app_begin ] --START--
INFO: Run Behavior\ReadHtmlCacheBehavior [ RunTime:0.000000s ]
INFO: [ app_begin ] --END-- [ RunTime:0.000000s ]
INFO: [ view_parse ] --START--
INFO: [ template_filter ] --START--
INFO: Run Behavior\ContentReplaceBehavior [ RunTime:0.000000s ]
INFO: [ template_filter ] --END-- [ RunTime:0.000000s ]
INFO: Run Behavior\ParseTemplateBehavior [ RunTime:0.009001s ]
INFO: [ view_parse ] --END-- [ RunTime:0.009001s ]
INFO: [ view_filter ] --START--
INFO: Run Behavior\WriteHtmlCacheBehavior [ RunTime:0.000000s ]
INFO: [ view_filter ] --END-- [ RunTime:0.000000s ]
INFO: [ app_end ] --START--
INFO: Run Behavior\ShowPageTraceBehavior [ RunTime:0.001000s ]
INFO: [ app_end ] --END-- [ RunTime:0.001000s ]

[ 2015-04-23T11:13:16+08:00 ] ::1 /grid_lyj/index.php/Home/Gzhd/gzhd?group=%E5%B1%80%E9%95%BF%E4%BF%A1%E7%AE%B1
INFO: [ app_init ] --START--
INFO: Run Behavior\BuildLiteBehavior [ RunTime:0.000000s ]
INFO: [ app_init ] --END-- [ RunTime:0.001000s ]
INFO: [ app_begin ] --START--
INFO: Run Behavior\ReadHtmlCacheBehavior [ RunTime:0.001000s ]
INFO: [ app_begin ] --END-- [ RunTime:0.001000s ]
INFO: [ view_parse ] --START--
INFO: [ template_filter ] --START--
INFO: Run Behavior\ContentReplaceBehavior [ RunTime:0.000000s ]
INFO: [ template_filter ] --END-- [ RunTime:0.000000s ]
INFO: Run Behavior\ParseTemplateBehavior [ RunTime:0.009001s ]
INFO: [ view_parse ] --END-- [ RunTime:0.009001s ]
INFO: [ view_filter ] --START--
INFO: Run Behavior\WriteHtmlCacheBehavior [ RunTime:0.001000s ]
INFO: [ view_filter ] --END-- [ RunTime:0.002000s ]
INFO: [ app_end ] --START--
INFO: Run Behavior\ShowPageTraceBehavior [ RunTime:0.000000s ]
INFO: [ app_end ] --END-- [ RunTime:0.000000s ]

[ 2015-04-23T11:13:40+08:00 ] ::1 /grid_lyj/index.php/Home/Gzhd/gzhd?group=æ÷≥§–≈œ‰
INFO: [ app_init ] --START--
INFO: Run Behavior\BuildLiteBehavior [ RunTime:0.000000s ]
INFO: [ app_init ] --END-- [ RunTime:0.001000s ]
INFO: [ app_begin ] --START--
INFO: Run Behavior\ReadHtmlCacheBehavior [ RunTime:0.000000s ]
INFO: [ app_begin ] --END-- [ RunTime:0.000000s ]
INFO: [ view_parse ] --START--
INFO: [ template_filter ] --START--
INFO: Run Behavior\ContentReplaceBehavior [ RunTime:0.000000s ]
INFO: [ template_filter ] --END-- [ RunTime:0.001000s ]
INFO: Run Behavior\ParseTemplateBehavior [ RunTime:0.009000s ]
INFO: [ view_parse ] --END-- [ RunTime:0.009000s ]
INFO: [ view_filter ] --START--
INFO: Run Behavior\WriteHtmlCacheBehavior [ RunTime:0.000000s ]
INFO: [ view_filter ] --END-- [ RunTime:0.000000s ]
INFO: [ app_end ] --START--
INFO: Run Behavior\ShowPageTraceBehavior [ RunTime:0.001000s ]
INFO: [ app_end ] --END-- [ RunTime:0.001000s ]

[ 2015-04-23T11:14:08+08:00 ] ::1 /grid_lyj/index.php/Home/Gzhd/gzhd?group=æ÷≥§–≈œ‰
INFO: [ app_init ] --START--
INFO: Run Behavior\BuildLiteBehavior [ RunTime:0.000000s ]
INFO: [ app_init ] --END-- [ RunTime:0.001000s ]
INFO: [ app_begin ] --START--
INFO: Run Behavior\ReadHtmlCacheBehavior [ RunTime:0.001000s ]
INFO: [ app_begin ] --END-- [ RunTime:0.001000s ]
INFO: [ view_parse ] --START--
INFO: [ template_filter ] --START--
INFO: Run Behavior\ContentReplaceBehavior [ RunTime:0.001000s ]
INFO: [ template_filter ] --END-- [ RunTime:0.001000s ]
INFO: Run Behavior\ParseTemplateBehavior [ RunTime:0.014001s ]
INFO: [ view_parse ] --END-- [ RunTime:0.014001s ]
INFO: [ view_filter ] --START--
INFO: Run Behavior\WriteHtmlCacheBehavior [ RunTime:0.000000s ]
INFO: [ view_filter ] --END-- [ RunTime:0.000000s ]
INFO: [ app_end ] --START--
INFO: Run Behavior\ShowPageTraceBehavior [ RunTime:0.001000s ]
INFO: [ app_end ] --END-- [ RunTime:0.001000s ]

[ 2015-04-23T11:14:10+08:00 ] ::1 /grid_lyj/index.php/Home/Gzhd/gzhd?group=æ÷≥§–≈œ‰
INFO: [ app_init ] --START--
INFO: Run Behavior\BuildLiteBehavior [ RunTime:0.000000s ]
INFO: [ app_init ] --END-- [ RunTime:0.001000s ]
INFO: [ app_begin ] --START--
INFO: Run Behavior\ReadHtmlCacheBehavior [ RunTime:0.000000s ]
INFO: [ app_begin ] --END-- [ RunTime:0.001000s ]
INFO: [ view_parse ] --START--
INFO: [ template_filter ] --START--
INFO: Run Behavior\ContentReplaceBehavior [ RunTime:0.000000s ]
INFO: [ template_filter ] --END-- [ RunTime:0.001000s ]
INFO: Run Behavior\ParseTemplateBehavior [ RunTime:0.010000s ]
INFO: [ view_parse ] --END-- [ RunTime:0.010000s ]
INFO: [ view_filter ] --START--
INFO: Run Behavior\WriteHtmlCacheBehavior [ RunTime:0.000000s ]
INFO: [ view_filter ] --END-- [ RunTime:0.000000s ]
INFO: [ app_end ] --START--
INFO: Run Behavior\ShowPageTraceBehavior [ RunTime:0.001000s ]
INFO: [ app_end ] --END-- [ RunTime:0.001000s ]

[ 2015-04-23T11:14:11+08:00 ] ::1 /grid_lyj/index.php/Home/Gzhd/gzhd?group=æ÷≥§–≈œ‰
INFO: [ app_init ] --START--
INFO: Run Behavior\BuildLiteBehavior [ RunTime:0.000000s ]
INFO: [ app_init ] --END-- [ RunTime:0.001000s ]
INFO: [ app_begin ] --START--
INFO: Run Behavior\ReadHtmlCacheBehavior [ RunTime:0.001000s ]
INFO: [ app_begin ] --END-- [ RunTime:0.001000s ]
INFO: [ view_parse ] --START--
INFO: [ template_filter ] --START--
INFO: Run Behavior\ContentReplaceBehavior [ RunTime:0.000000s ]
INFO: [ template_filter ] --END-- [ RunTime:0.000000s ]
INFO: Run Behavior\ParseTemplateBehavior [ RunTime:0.009001s ]
INFO: [ view_parse ] --END-- [ RunTime:0.011001s ]
INFO: [ view_filter ] --START--
INFO: Run Behavior\WriteHtmlCacheBehavior [ RunTime:0.000000s ]
INFO: [ view_filter ] --END-- [ RunTime:0.000000s ]
INFO: [ app_end ] --START--
INFO: Run Behavior\ShowPageTraceBehavior [ RunTime:0.001000s ]
INFO: [ app_end ] --END-- [ RunTime:0.001000s ]

[ 2015-04-23T11:14:12+08:00 ] ::1 /grid_lyj/index.php/Home/Gzhd/gzhd?group=æ÷≥§–≈œ‰
INFO: [ app_init ] --START--
INFO: Run Behavior\BuildLiteBehavior [ RunTime:0.000000s ]
INFO: [ app_init ] --END-- [ RunTime:0.000000s ]
INFO: [ app_begin ] --START--
INFO: Run Behavior\ReadHtmlCacheBehavior [ RunTime:0.001000s ]
INFO: [ app_begin ] --END-- [ RunTime:0.001000s ]
INFO: [ view_parse ] --START--
INFO: [ template_filter ] --START--
INFO: Run Behavior\ContentReplaceBehavior [ RunTime:0.000000s ]
INFO: [ template_filter ] --END-- [ RunTime:0.000000s ]
INFO: Run Behavior\ParseTemplateBehavior [ RunTime:0.009001s ]
INFO: [ view_parse ] --END-- [ RunTime:0.010001s ]
INFO: [ view_filter ] --START--
INFO: Run Behavior\WriteHtmlCacheBehavior [ RunTime:0.001000s ]
INFO: [ view_filter ] --END-- [ RunTime:0.001000s ]
INFO: [ app_end ] --START--
INFO: Run Behavior\ShowPageTraceBehavior [ RunTime:0.001000s ]
INFO: [ app_end ] --END-- [ RunTime:0.001000s ]

[ 2015-04-23T11:14:41+08:00 ] ::1 /grid_lyj/index.php/Home/Gzhd/gzhd?group=æ÷≥§–≈œ‰
INFO: [ app_init ] --START--
INFO: Run Behavior\BuildLiteBehavior [ RunTime:0.000000s ]
INFO: [ app_init ] --END-- [ RunTime:0.001001s ]
INFO: [ app_begin ] --START--
INFO: Run Behavior\ReadHtmlCacheBehavior [ RunTime:0.001000s ]
INFO: [ app_begin ] --END-- [ RunTime:0.001000s ]
INFO: [ view_parse ] --START--
INFO: [ template_filter ] --START--
INFO: Run Behavior\ContentReplaceBehavior [ RunTime:0.001000s ]
INFO: [ template_filter ] --END-- [ RunTime:0.001000s ]
INFO: Run Behavior\ParseTemplateBehavior [ RunTime:0.011000s ]
INFO: [ view_parse ] --END-- [ RunTime:0.011000s ]
INFO: [ view_filter ] --START--
INFO: Run Behavior\WriteHtmlCacheBehavior [ RunTime:0.000000s ]
INFO: [ view_filter ] --END-- [ RunTime:0.000000s ]
INFO: [ app_end ] --START--
INFO: Run Behavior\ShowPageTraceBehavior [ RunTime:0.001000s ]
INFO: [ app_end ] --END-- [ RunTime:0.001000s ]

[ 2015-04-23T11:15:14+08:00 ] ::1 /grid_lyj/index.php/Home/Gzhd/gzhd?group=æ÷≥§–≈œ‰
INFO: [ app_init ] --START--
INFO: Run Behavior\BuildLiteBehavior [ RunTime:0.000000s ]
INFO: [ app_init ] --END-- [ RunTime:0.001000s ]
INFO: [ app_begin ] --START--
INFO: Run Behavior\ReadHtmlCacheBehavior [ RunTime:0.001000s ]
INFO: [ app_begin ] --END-- [ RunTime:0.001000s ]
INFO: [ view_parse ] --START--
INFO: [ template_filter ] --START--
INFO: Run Behavior\ContentReplaceBehavior [ RunTime:0.000000s ]
INFO: [ template_filter ] --END-- [ RunTime:0.000000s ]
INFO: Run Behavior\ParseTemplateBehavior [ RunTime:0.011001s ]
INFO: [ view_parse ] --END-- [ RunTime:0.011001s ]
INFO: [ view_filter ] --START--
INFO: Run Behavior\WriteHtmlCacheBehavior [ RunTime:0.000000s ]
INFO: [ view_filter ] --END-- [ RunTime:0.000000s ]
INFO: [ app_end ] --START--
INFO: Run Behavior\ShowPageTraceBehavior [ RunTime:0.001000s ]
INFO: [ app_end ] --END-- [ RunTime:0.001000s ]

[ 2015-04-23T11:15:19+08:00 ] ::1 /grid_lyj/index.php/Home/Gzhd/gzhd?group=admin
INFO: [ app_init ] --START--
INFO: Run Behavior\BuildLiteBehavior [ RunTime:0.000000s ]
INFO: [ app_init ] --END-- [ RunTime:0.001000s ]
INFO: [ app_begin ] --START--
INFO: Run Behavior\ReadHtmlCacheBehavior [ RunTime:0.000000s ]
INFO: [ app_begin ] --END-- [ RunTime:0.001000s ]
INFO: [ view_parse ] --START--
INFO: [ template_filter ] --START--
INFO: Run Behavior\ContentReplaceBehavior [ RunTime:0.001000s ]
INFO: [ template_filter ] --END-- [ RunTime:0.001000s ]
INFO: Run Behavior\ParseTemplateBehavior [ RunTime:0.009001s ]
INFO: [ view_parse ] --END-- [ RunTime:0.009001s ]
INFO: [ view_filter ] --START--
INFO: Run Behavior\WriteHtmlCacheBehavior [ RunTime:0.000000s ]
INFO: [ view_filter ] --END-- [ RunTime:0.000000s ]
INFO: [ app_end ] --START--
INFO: Run Behavior\ShowPageTraceBehavior [ RunTime:0.001000s ]
INFO: [ app_end ] --END-- [ RunTime:0.001000s ]

[ 2015-04-23T11:15:36+08:00 ] ::1 /grid_lyj/index.php/Home/Gzhd/gzhd?group=%E5%B1%80%E9%95%BF%E4%BF%A1%E7%AE%B1
INFO: [ app_init ] --START--
INFO: Run Behavior\BuildLiteBehavior [ RunTime:0.000000s ]
INFO: [ app_init ] --END-- [ RunTime:0.001000s ]
INFO: [ app_begin ] --START--
INFO: Run Behavior\ReadHtmlCacheBehavior [ RunTime:0.000000s ]
INFO: [ app_begin ] --END-- [ RunTime:0.001000s ]
INFO: [ view_parse ] --START--
INFO: [ template_filter ] --START--
INFO: Run Behavior\ContentReplaceBehavior [ RunTime:0.000000s ]
INFO: [ template_filter ] --END-- [ RunTime:0.000000s ]
INFO: Run Behavior\ParseTemplateBehavior [ RunTime:0.010001s ]
INFO: [ view_parse ] --END-- [ RunTime:0.010001s ]
INFO: [ view_filter ] --START--
INFO: Run Behavior\WriteHtmlCacheBehavior [ RunTime:0.001000s ]
INFO: [ view_filter ] --END-- [ RunTime:0.001000s ]
INFO: [ app_end ] --START--
INFO: Run Behavior\ShowPageTraceBehavior [ RunTime:0.000000s ]
INFO: [ app_end ] --END-- [ RunTime:0.004000s ]

[ 2015-04-23T11:19:48+08:00 ] ::1 /grid_lyj/index.php/Home/Gzhd/gzhd_lxck.html
INFO: [ app_init ] --START--
INFO: Run Behavior\BuildLiteBehavior [ RunTime:0.000000s ]
INFO: [ app_init ] --END-- [ RunTime:0.001000s ]
INFO: [ app_begin ] --START--
INFO: Run Behavior\ReadHtmlCacheBehavior [ RunTime:0.001000s ]
INFO: [ app_begin ] --END-- [ RunTime:0.001000s ]
ERR: ÈùûÊ≥ïÊìç‰Ωú:gzhd_lxck

[ 2015-04-23T12:07:04+08:00 ] ::1 /grid_lyj/index.php/Home/Gzhd/gzhd?group=%E5%B1%80%E9%95%BF%E4%BF%A1%E7%AE%B1
INFO: [ app_init ] --START--
INFO: Run Behavior\BuildLiteBehavior [ RunTime:0.000000s ]
INFO: [ app_init ] --END-- [ RunTime:0.001000s ]
INFO: [ app_begin ] --START--
INFO: Run Behavior\ReadHtmlCacheBehavior [ RunTime:0.001001s ]
INFO: [ app_begin ] --END-- [ RunTime:0.001001s ]
NOTIC: [8] Undefined index: type E:\WWW\grid_lyj\Application\Home\Controller\GzhdController.class.php Á¨¨ 13 Ë°å.
INFO: [ view_parse ] --START--
INFO: [ template_filter ] --START--
INFO: Run Behavior\ContentReplaceBehavior [ RunTime:0.000000s ]
INFO: [ template_filter ] --END-- [ RunTime:0.000000s ]
INFO: Run Behavior\ParseTemplateBehavior [ RunTime:0.010000s ]
INFO: [ view_parse ] --END-- [ RunTime:0.010000s ]
INFO: [ view_filter ] --START--
INFO: Run Behavior\WriteHtmlCacheBehavior [ RunTime:0.001000s ]
INFO: [ view_filter ] --END-- [ RunTime:0.001000s ]
INFO: [ app_end ] --START--
INFO: Run Behavior\ShowPageTraceBehavior [ RunTime:0.000000s ]
INFO: [ app_end ] --END-- [ RunTime:0.008001s ]

[ 2015-04-23T12:07:09+08:00 ] ::1 /grid_lyj/index.php/Home/Gzhd/gzhd?type=%E5%B1%80%E9%95%BF%E4%BF%A1%E7%AE%B1
INFO: [ app_init ] --START--
INFO: Run Behavior\BuildLiteBehavior [ RunTime:0.000000s ]
INFO: [ app_init ] --END-- [ RunTime:0.000000s ]
INFO: [ app_begin ] --START--
INFO: Run Behavior\ReadHtmlCacheBehavior [ RunTime:0.001000s ]
INFO: [ app_begin ] --END-- [ RunTime:0.001000s ]
INFO: [ view_parse ] --START--
INFO: [ template_filter ] --START--
INFO: Run Behavior\ContentReplaceBehavior [ RunTime:0.000000s ]
INFO: [ template_filter ] --END-- [ RunTime:0.000000s ]
INFO: Run Behavior\ParseTemplateBehavior [ RunTime:0.009001s ]
INFO: [ view_parse ] --END-- [ RunTime:0.010001s ]
INFO: [ view_filter ] --START--
INFO: Run Behavior\WriteHtmlCacheBehavior [ RunTime:0.000000s ]
INFO: [ view_filter ] --END-- [ RunTime:0.000000s ]
INFO: [ app_end ] --START--
INFO: Run Behavior\ShowPageTraceBehavior [ RunTime:0.001000s ]
INFO: [ app_end ] --END-- [ RunTime:0.001000s ]

[ 2015-04-23T12:07:20+08:00 ] ::1 /grid_lyj/index.php/Home/Gzhd/insert?%E5%B1%80%E9%95%BF%E4%BF%A1%E7%AE%B1=&name=11&phone=1&address=2&zipcode=11&email=2&aim=on&subject=1&content=111&validateCode=
INFO: [ app_init ] --START--
INFO: Run Behavior\BuildLiteBehavior [ RunTime:0.000000s ]
INFO: [ app_init ] --END-- [ RunTime:0.001000s ]
INFO: [ app_begin ] --START--
INFO: Run Behavior\ReadHtmlCacheBehavior [ RunTime:0.001000s ]
INFO: [ app_begin ] --END-- [ RunTime:0.001000s ]
ERR: Ê≤°ÊúâÂÆö‰πâÊï∞ÊçÆÂ∫ìÈÖçÁΩÆ

[ 2015-04-23T12:08:08+08:00 ] ::1 /grid_lyj/index.php/Home/Gzhd/gzhd?type=%E5%B1%80%E9%95%BF%E4%BF%A1%E7%AE%B1
INFO: [ app_init ] --START--
INFO: Run Behavior\BuildLiteBehavior [ RunTime:0.000000s ]
INFO: [ app_init ] --END-- [ RunTime:0.001000s ]
INFO: [ app_begin ] --START--
INFO: Run Behavior\ReadHtmlCacheBehavior [ RunTime:0.000000s ]
INFO: [ app_begin ] --END-- [ RunTime:0.000000s ]
INFO: [ view_parse ] --START--
INFO: [ template_filter ] --START--
INFO: Run Behavior\ContentReplaceBehavior [ RunTime:0.000000s ]
INFO: [ template_filter ] --END-- [ RunTime:0.000000s ]
INFO: Run Behavior\ParseTemplateBehavior [ RunTime:0.009000s ]
INFO: [ view_parse ] --END-- [ RunTime:0.009000s ]
INFO: [ view_filter ] --START--
INFO: Run Behavior\WriteHtmlCacheBehavior [ RunTime:0.001001s ]
INFO: [ view_filter ] --END-- [ RunTime:0.001001s ]
INFO: [ app_end ] --START--
INFO: Run Behavior\ShowPageTraceBehavior [ RunTime:0.000000s ]
INFO: [ app_end ] --END-- [ RunTime:0.000000s ]

[ 2015-04-23T12:08:17+08:00 ] ::1 /grid_lyj/index.php/Home/Gzhd/insert?type=%E5%B1%80%E9%95%BF%E4%BF%A1%E7%AE%B1&name=1&phone=1&address=11&zipcode=1&email=11&aim=on&subject=11&content=11111&validateCode=
INFO: [ app_init ] --START--
INFO: Run Behavior\BuildLiteBehavior [ RunTime:0.000000s ]
INFO: [ app_init ] --END-- [ RunTime:0.001000s ]
INFO: [ app_begin ] --START--
INFO: Run Behavior\ReadHtmlCacheBehavior [ RunTime:0.001000s ]
INFO: [ app_begin ] --END-- [ RunTime:0.001000s ]
ERR: Ê≤°ÊúâÂÆö‰πâÊï∞ÊçÆÂ∫ìÈÖçÁΩÆ

[ 2015-04-23T12:08:45+08:00 ] ::1 /grid_lyj/index.php/Home/Gzhd/gzhd?type=%E5%B1%80%E9%95%BF%E4%BF%A1%E7%AE%B1
INFO: [ app_init ] --START--
INFO: Run Behavior\BuildLiteBehavior [ RunTime:0.000000s ]
INFO: [ app_init ] --END-- [ RunTime:0.001000s ]
INFO: [ app_begin ] --START--
INFO: Run Behavior\ReadHtmlCacheBehavior [ RunTime:0.000000s ]
INFO: [ app_begin ] --END-- [ RunTime:0.000000s ]
INFO: [ view_parse ] --START--
INFO: [ template_filter ] --START--
INFO: Run Behavior\ContentReplaceBehavior [ RunTime:0.000000s ]
INFO: [ template_filter ] --END-- [ RunTime:0.000000s ]
INFO: Run Behavior\ParseTemplateBehavior [ RunTime:0.009000s ]
INFO: [ view_parse ] --END-- [ RunTime:0.009000s ]
INFO: [ view_filter ] --START--
INFO: Run Behavior\WriteHtmlCacheBehavior [ RunTime:0.001000s ]
INFO: [ view_filter ] --END-- [ RunTime:0.001000s ]
INFO: [ app_end ] --START--
INFO: Run Behavior\ShowPageTraceBehavior [ RunTime:0.001000s ]
INFO: [ app_end ] --END-- [ RunTime:0.001000s ]

[ 2015-04-23T12:08:48+08:00 ] ::1 /grid_lyj/index.php/Home/Gzhd/insert
INFO: [ app_init ] --START--
INFO: Run Behavior\BuildLiteBehavior [ RunTime:0.000000s ]
INFO: [ app_init ] --END-- [ RunTime:0.001000s ]
INFO: [ app_begin ] --START--
INFO: Run Behavior\ReadHtmlCacheBehavior [ RunTime:0.001000s ]
INFO: [ app_begin ] --END-- [ RunTime:0.001000s ]
ERR: Ê≤°ÊúâÂÆö‰πâÊï∞ÊçÆÂ∫ìÈÖçÁΩÆ

[ 2015-04-23T12:11:34+08:00 ] ::1 /grid_lyj/index.php/Home/Gzhd/gzhd?type=%E5%B1%80%E9%95%BF%E4%BF%A1%E7%AE%B1
INFO: [ app_init ] --START--
INFO: Run Behavior\BuildLiteBehavior [ RunTime:0.000000s ]
INFO: [ app_init ] --END-- [ RunTime:0.000000s ]
INFO: [ app_begin ] --START--
INFO: Run Behavior\ReadHtmlCacheBehavior [ RunTime:0.001000s ]
INFO: [ app_begin ] --END-- [ RunTime:0.001000s ]
INFO: [ view_parse ] --START--
INFO: [ template_filter ] --START--
INFO: Run Behavior\ContentReplaceBehavior [ RunTime:0.000000s ]
INFO: [ template_filter ] --END-- [ RunTime:0.001000s ]
INFO: Run Behavior\ParseTemplateBehavior [ RunTime:0.010000s ]
INFO: [ view_parse ] --END-- [ RunTime:0.010000s ]
INFO: [ view_filter ] --START--
INFO: Run Behavior\WriteHtmlCacheBehavior [ RunTime:0.000000s ]
INFO: [ view_filter ] --END-- [ RunTime:0.000000s ]
INFO: [ app_end ] --START--
INFO: Run Behavior\ShowPageTraceBehavior [ RunTime:0.000000s ]
INFO: [ app_end ] --END-- [ RunTime:0.001000s ]

[ 2015-04-23T12:11:39+08:00 ] ::1 /grid_lyj/index.php/Home/Gzhd/insert
INFO: [ app_init ] --START--
INFO: Run Behavior\BuildLiteBehavior [ RunTime:0.000000s ]
INFO: [ app_init ] --END-- [ RunTime:0.001000s ]
INFO: [ app_begin ] --START--
INFO: Run Behavior\ReadHtmlCacheBehavior [ RunTime:0.001000s ]
INFO: [ app_begin ] --END-- [ RunTime:0.001000s ]
ERR: Ê≤°ÊúâÂÆö‰πâÊï∞ÊçÆÂ∫ìÈÖçÁΩÆ

[ 2015-04-23T13:27:52+08:00 ] ::1 /grid_lyj/index.php/Home/Gzhd/insert
INFO: [ app_begin ] --START--
INFO: Run Behavior\ReadHtmlCacheBehavior [ RunTime:0.000000s ]
INFO: [ app_begin ] --END-- [ RunTime:0.001000s ]
SQL: SHOW COLUMNS FROM `tp_gzhd` [ RunTime:0.004000s ]
SQL: INSERT INTO `tp_gzhd` (`type`,`name`,`phone`,`address`,`zipcode`,`email`,`subject`,`content`,`status`,`indate`) VALUES ('Â±ÄÈïø‰ø°ÁÆ\±','11','','','','','','11','Ê≠£Âú®ÂäûÁêÜ',1429766872) [ RunTime:0.001000s ]

[ 2015-04-23T13:30:39+08:00 ] ::1 /grid_lyj/index.php/Home/Gzhd/insert
INFO: [ app_begin ] --START--
INFO: Run Behavior\ReadHtmlCacheBehavior [ RunTime:0.001000s ]
INFO: [ app_begin ] --END-- [ RunTime:0.001000s ]
SQL: SHOW COLUMNS FROM `tp_gzhd` [ RunTime:0.004001s ]
SQL: INSERT INTO `tp_gzhd` (`type`,`name`,`phone`,`address`,`zipcode`,`email`,`subject`,`content`,`status`,`indate`) VALUES ('Â±ÄÈïø‰ø°ÁÆ\±','11','','','1','','','111','Ê≠£Âú®ÂäûÁêÜ',1429767039) [ RunTime:0.000000s ]

[ 2015-04-23T13:30:57+08:00 ] ::1 /grid_lyj/index.php/Home/Gzhd/insert
INFO: [ app_begin ] --START--
INFO: Run Behavior\ReadHtmlCacheBehavior [ RunTime:0.001000s ]
INFO: [ app_begin ] --END-- [ RunTime:0.001000s ]
SQL: SHOW COLUMNS FROM `tp_gzhd` [ RunTime:0.003000s ]
SQL: INSERT INTO `tp_gzhd` (`type`,`name`,`phone`,`address`,`zipcode`,`email`,`subject`,`content`,`status`,`indate`) VALUES ('Â±ÄÈïø‰ø°ÁÆ\±','Âº†‰∏â','','','1','','','111fff','Ê≠£Âú®ÂäûÁêÜ',1429767057) [ RunTime:0.000000s ]

[ 2015-04-23T13:32:35+08:00 ] ::1 /grid_lyj/index.php/Home/Gzhd/insert
INFO: [ app_begin ] --START--
INFO: Run Behavior\ReadHtmlCacheBehavior [ RunTime:0.001000s ]
INFO: [ app_begin ] --END-- [ RunTime:0.001000s ]
SQL: SHOW COLUMNS FROM `tp_gzhd` [ RunTime:0.003000s ]
SQL: INSERT INTO `tp_gzhd` (`type`,`name`,`phone`,`address`,`zipcode`,`email`,`subject`,`content`,`status`,`indate`) VALUES ('Â±ÄÈïø‰ø°ÁÆ\±','lisi','','','','','','','Ê≠£Âú®ÂäûÁêÜ',1429767155) [ RunTime:0.000000s ]

[ 2015-04-23T13:37:28+08:00 ] ::1 /grid_lyj/index.php/Home/Gzhd/insert
INFO: [ app_begin ] --START--
INFO: Run Behavior\ReadHtmlCacheBehavior [ RunTime:0.001000s ]
INFO: [ app_begin ] --END-- [ RunTime:0.001000s ]
SQL: SHOW COLUMNS FROM `tp_gzhd` [ RunTime:0.003000s ]
SQL: INSERT INTO `tp_gzhd` (`type`,`name`,`phone`,`address`,`zipcode`,`email`,`aim`,`subject`,`content`,`status`,`indate`) VALUES ('Â±ÄÈïø‰ø°ÁÆ\±','1','1','11','1','','on','1','1','Ê≠£Âú®ÂäûÁêÜ',1429767448) [ RunTime:0.001000s ]

[ 2015-04-23T13:57:52+08:00 ] ::1 /grid_lyj/index.php/Home/Gzhd/insert
INFO: [ app_begin ] --START--
INFO: Run Behavior\ReadHtmlCacheBehavior [ RunTime:0.001000s ]
INFO: [ app_begin ] --END-- [ RunTime:0.001000s ]

[ 2015-04-23T13:57:55+08:00 ] ::1 /grid_lyj/index.php/Home/Gzhd/insert
INFO: [ app_begin ] --START--
INFO: Run Behavior\ReadHtmlCacheBehavior [ RunTime:0.000000s ]
INFO: [ app_begin ] --END-- [ RunTime:0.001000s ]

[ 2015-04-23T13:58:24+08:00 ] ::1 /grid_lyj/index.php/Home/Gzhd/insert
INFO: [ app_begin ] --START--
INFO: Run Behavior\ReadHtmlCacheBehavior [ RunTime:0.000000s ]
INFO: [ app_begin ] --END-- [ RunTime:0.000000s ]

[ 2015-04-23T13:58:26+08:00 ] ::1 /grid_lyj/index.php/Home/Gzhd/insert
INFO: [ app_begin ] --START--
INFO: Run Behavior\ReadHtmlCacheBehavior [ RunTime:0.001000s ]
INFO: [ app_begin ] --END-- [ RunTime:0.001000s ]

[ 2015-04-23T13:58:28+08:00 ] ::1 /grid_lyj/index.php/Home/Gzhd/insert
INFO: [ app_begin ] --START--
INFO: Run Behavior\ReadHtmlCacheBehavior [ RunTime:0.000000s ]
INFO: [ app_begin ] --END-- [ RunTime:0.001000s ]

[ 2015-04-23T13:58:47+08:00 ] ::1 /grid_lyj/index.php/Home/Gzhd/insert
INFO: [ app_begin ] --START--
INFO: Run Behavior\ReadHtmlCacheBehavior [ RunTime:0.001000s ]
INFO: [ app_begin ] --END-- [ RunTime:0.001000s ]

[ 2015-04-23T13:59:46+08:00 ] ::1 /grid_lyj/index.php/Home/Gzhd/insert
INFO: [ app_begin ] --START--
INFO: Run Behavior\ReadHtmlCacheBehavior [ RunTime:0.001000s ]
INFO: [ app_begin ] --END-- [ RunTime:0.001000s ]

[ 2015-04-23T14:00:42+08:00 ] ::1 /grid_lyj/index.php/Home/Gzhd/insert
INFO: [ app_begin ] --START--
INFO: Run Behavior\ReadHtmlCacheBehavior [ RunTime:0.001000s ]
INFO: [ app_begin ] --END-- [ RunTime:0.001000s ]

[ 2015-04-23T14:00:46+08:00 ] ::1 /grid_lyj/index.php/Home/Gzhd/insert
INFO: [ app_begin ] --START--
INFO: Run Behavior\ReadHtmlCacheBehavior [ RunTime:0.000000s ]
INFO: [ app_begin ] --END-- [ RunTime:0.001000s ]

[ 2015-04-23T14:20:06+08:00 ] ::1 /grid_lyj/index.php/Home/Gzhd/insert
INFO: [ app_begin ] --START--
INFO: Run Behavior\ReadHtmlCacheBehavior [ RunTime:0.001000s ]
INFO: [ app_begin ] --END-- [ RunTime:0.001000s ]

[ 2015-04-23T14:20:08+08:00 ] ::1 /grid_lyj/index.php/Home/Gzhd/insert
INFO: [ app_begin ] --START--
INFO: Run Behavior\ReadHtmlCacheBehavior [ RunTime:0.000000s ]
INFO: [ app_begin ] --END-- [ RunTime:0.001001s ]

[ 2015-04-23T14:20:29+08:00 ] ::1 /grid_lyj/index.php/Home/Gzhd/insert
INFO: [ app_begin ] --START--
INFO: Run Behavior\ReadHtmlCacheBehavior [ RunTime:0.003000s ]
INFO: [ app_begin ] --END-- [ RunTime:0.004000s ]

[ 2015-04-23T14:33:44+08:00 ] ::1 /grid_lyj/index.php/Home/Gzhd/insert
INFO: [ app_begin ] --START--
INFO: Run Behavior\ReadHtmlCacheBehavior [ RunTime:0.001000s ]
INFO: [ app_begin ] --END-- [ RunTime:0.001000s ]

[ 2015-04-23T14:33:46+08:00 ] ::1 /grid_lyj/index.php/Home/Gzhd/insert
INFO: [ app_begin ] --START--
INFO: Run Behavior\ReadHtmlCacheBehavior [ RunTime:0.001000s ]
INFO: [ app_begin ] --END-- [ RunTime:0.001000s ]

[ 2015-04-23T14:33:58+08:00 ] ::1 /grid_lyj/index.php/Home/Gzhd/insert
INFO: [ app_begin ] --START--
INFO: Run Behavior\ReadHtmlCacheBehavior [ RunTime:0.001000s ]
INFO: [ app_begin ] --END-- [ RunTime:0.002000s ]
SQL: SHOW COLUMNS FROM `tp_gzhd` [ RunTime:0.015001s ]
SQL: INSERT INTO `tp_gzhd` (`type`,`name`,`phone`,`address`,`zipcode`,`email`,`aim`,`subject`,`content`,`status`,`indate`) VALUES ('Â±ÄÈïø‰ø°ÁÆ\±11','wangshegne','','','','','on','','','Ê≠£Âú®ÂäûÁêÜ',1429770838) [ RunTime:0.001000s ]

[ 2015-04-23T14:35:17+08:00 ] ::1 /grid_lyj/index.php/Home/Gzhd/insert
INFO: [ app_begin ] --START--
INFO: Run Behavior\ReadHtmlCacheBehavior [ RunTime:0.001000s ]
INFO: [ app_begin ] --END-- [ RunTime:0.002000s ]
SQL: SHOW COLUMNS FROM `tp_gzhd` [ RunTime:0.018001s ]
SQL: INSERT INTO `tp_gzhd` (`type`,`name`,`phone`,`address`,`zipcode`,`email`,`aim`,`subject`,`content`,`status`,`indate`) VALUES ('Â±ÄÈïø‰ø°ÁÆ\±11','ee','ee','11','11','11','on','11','111','Ê≠£Âú®ÂäûÁêÜ',1429770917) [ RunTime:0.001000s ]

[ 2015-04-23T14:37:06+08:00 ] ::1 /grid_lyj/index.php/Home/Gzhd/insert
INFO: [ app_begin ] --START--
INFO: Run Behavior\ReadHtmlCacheBehavior [ RunTime:0.001000s ]
INFO: [ app_begin ] --END-- [ RunTime:0.002000s ]
SQL: SHOW COLUMNS FROM `tp_gzhd` [ RunTime:0.012000s ]
SQL: INSERT INTO `tp_gzhd` (`type`,`name`,`phone`,`address`,`zipcode`,`email`,`aim`,`subject`,`content`,`status`,`indate`) VALUES ('Â±ÄÈïø‰ø°ÁÆ\±11','beijing','135222','xxx','11','11','Âí®ËØ¢','dddd','111','Ê≠£Âú®ÂäûÁêÜ',1429771026) [ RunTime:0.000000s ]

[ 2015-04-23T14:43:02+08:00 ] ::1 /grid_lyj/index.php/Home/Gzhd/gzhd?type=%E5%B1%80%E9%95%BF%E4%BF%A1%E7%AE%B111
ERR: ÈîôËØØÁöÑÊü•ËØ¢Êù°‰ª∂:[username=>Array]

[ 2015-04-23T15:52:46+08:00 ] ::1 /grid_lyj/index.php/Home/Gzhd/insert
INFO: [ app_begin ] --START--
INFO: Run Behavior\ReadHtmlCacheBehavior [ RunTime:0.001000s ]
INFO: [ app_begin ] --END-- [ RunTime:0.001000s ]
SQL: SHOW COLUMNS FROM `tp_gzhd` [ RunTime:0.004000s ]
SQL: INSERT INTO `tp_gzhd` (`type`,`name`,`phone`,`address`,`zipcode`,`email`,`aim`,`subject`,`content`,`status`,`indate`,`keynum`,`selcode`) VALUES ('Â±ÄÈïø‰ø°ÁÆ\±','Âº†‰∏â','13525251236','dddd','','','Âí®ËØ¢','ÊµãËØïÊ†áÈ¢ò','ÂàôÂíåÊà\ë','Ê≠£Âú®ÂäûÁêÜ',1429775566,'2015-04-23 15:52:46',8053) [ RunTime:0.001000s ]

[ 2015-04-23T15:53:38+08:00 ] ::1 /grid_lyj/index.php/Home/Gzhd/insert
INFO: [ app_begin ] --START--
INFO: Run Behavior\ReadHtmlCacheBehavior [ RunTime:0.001001s ]
INFO: [ app_begin ] --END-- [ RunTime:0.001001s ]

[ 2015-04-23T15:53:49+08:00 ] ::1 /grid_lyj/index.php/Home/Gzhd/insert
INFO: [ app_begin ] --START--
INFO: Run Behavior\ReadHtmlCacheBehavior [ RunTime:0.000000s ]
INFO: [ app_begin ] --END-- [ RunTime:0.001000s ]
SQL: SHOW COLUMNS FROM `tp_gzhd` [ RunTime:0.003000s ]
SQL: INSERT INTO `tp_gzhd` (`type`,`name`,`phone`,`address`,`zipcode`,`email`,`aim`,`subject`,`content`,`status`,`indate`,`keynum`,`selcode`) VALUES ('Â±ÄÈïø‰ø°ÁÆ\±','1','1','1','1','','Ë°®Êâ¨','11','11','Ê≠£Âú®ÂäûÁêÜ',1429775629,'20150423',6655) [ RunTime:0.001000s ]

[ 2015-04-23T16:00:30+08:00 ] ::1 /grid_lyj/index.php/Home/Gzhd/insert
INFO: [ app_begin ] --START--
INFO: Run Behavior\ReadHtmlCacheBehavior [ RunTime:0.000000s ]
INFO: [ app_begin ] --END-- [ RunTime:0.001000s ]
SQL: SHOW COLUMNS FROM `tp_gzhd` [ RunTime:0.004000s ]
SQL: SELECT `selcode` FROM `tp_gzhd` WHERE ( selcode like '%20150423%' ) LIMIT 1   [ RunTime:0.001000s ]
NOTIC: [8] Undefined variable: selecode E:\WWW\grid_lyj\Application\Home\Controller\GzhdController.class.php Á¨¨ 101 Ë°å.
SQL: INSERT INTO `tp_gzhd` (`type`,`name`,`phone`,`address`,`zipcode`,`email`,`aim`,`subject`,`content`,`keynum`,`selcode`,`status`,`indate`) VALUES ('Â±ÄÈïø‰ø°ÁÆ\±','11','1','1','11','','Âí®ËØ¢','1','1111',20150424,9578,'Ê≠£Âú®ÂäûÁêÜ',1429776030) [ RunTime:0.001000s ]

[ 2015-04-23T16:01:15+08:00 ] ::1 /grid_lyj/index.php/Home/Gzhd/insert
INFO: [ app_begin ] --START--
INFO: Run Behavior\ReadHtmlCacheBehavior [ RunTime:0.000000s ]
INFO: [ app_begin ] --END-- [ RunTime:0.001000s ]
SQL: SHOW COLUMNS FROM `tp_gzhd` [ RunTime:0.003000s ]
SQL: SELECT `selcode` FROM `tp_gzhd` WHERE ( selcode like '%20150423%' ) LIMIT 1   [ RunTime:0.001000s ]
NOTIC: [8] Undefined variable: selecode E:\WWW\grid_lyj\Application\Home\Controller\GzhdController.class.php Á¨¨ 101 Ë°å.
SQL: INSERT INTO `tp_gzhd` (`type`,`name`,`phone`,`address`,`zipcode`,`email`,`aim`,`subject`,`content`,`keynum`,`selcode`,`status`,`indate`) VALUES ('Â±ÄÈïø‰ø°ÁÆ\±','2','2','2','2','','Âí®ËØ¢','2','2',20150424,2463,'Ê≠£Âú®ÂäûÁêÜ',1429776075) [ RunTime:0.000000s ]

[ 2015-04-23T16:02:04+08:00 ] ::1 /grid_lyj/index.php/Home/Gzhd/insert
INFO: [ app_begin ] --START--
INFO: Run Behavior\ReadHtmlCacheBehavior [ RunTime:0.001000s ]
INFO: [ app_begin ] --END-- [ RunTime:0.001000s ]
SQL: SHOW COLUMNS FROM `tp_gzhd` [ RunTime:0.004000s ]
SQL: SELECT `selcode` FROM `tp_gzhd` WHERE ( selcode like '%20150423%' ) LIMIT 1   [ RunTime:0.000000s ]
NOTIC: [8] Undefined variable: selecode E:\WWW\grid_lyj\Application\Home\Controller\GzhdController.class.php Á¨¨ 101 Ë°å.
SQL: INSERT INTO `tp_gzhd` (`type`,`name`,`phone`,`address`,`zipcode`,`email`,`aim`,`subject`,`content`,`keynum`,`selcode`,`status`,`indate`) VALUES ('Â±ÄÈïø‰ø°ÁÆ\±','1','1','1','','','Âí®ËØ¢','1','11',20150424,6135,'Ê≠£Âú®ÂäûÁêÜ',1429776124) [ RunTime:0.000000s ]

[ 2015-04-23T16:02:57+08:00 ] ::1 /grid_lyj/index.php/Home/Gzhd/insert
INFO: [ app_begin ] --START--
INFO: Run Behavior\ReadHtmlCacheBehavior [ RunTime:0.001000s ]
INFO: [ app_begin ] --END-- [ RunTime:0.001000s ]
SQL: SHOW COLUMNS FROM `tp_gzhd` [ RunTime:0.003000s ]
SQL: SELECT `selcode` FROM `tp_gzhd` WHERE ( selcode like '%20150423%' ) LIMIT 1   [ RunTime:0.000000s ]

[ 2015-04-23T16:22:45+08:00 ] ::1 /grid_lyj/index.php/Home/Gzhd/insert
INFO: [ app_begin ] --START--
INFO: Run Behavior\ReadHtmlCacheBehavior [ RunTime:0.001000s ]
INFO: [ app_begin ] --END-- [ RunTime:0.001000s ]
SQL: SHOW COLUMNS FROM `tp_gzhd` [ RunTime:0.003000s ]
SQL: SELECT max(keynum) as keynum FROM `tp_gzhd` WHERE ( keynum like '%20150423%' ) LIMIT 1   [ RunTime:0.000000s ]
SQL: INSERT INTO `tp_gzhd` (`type`,`name`,`phone`,`address`,`zipcode`,`email`,`aim`,`subject`,`content`,`keynum`,`selcode`,`status`,`indate`) VALUES ('Â±ÄÈïø‰ø°ÁÆ\±','admin','1','111','','','Âí®ËØ¢','11','111',20150423007,9884,'Ê≠£Âú®ÂäûÁêÜ','2015-04-23') [ RunTime:0.000000s ]

[ 2015-04-23T16:23:03+08:00 ] ::1 /grid_lyj/index.php/Home/Gzhd/insert
INFO: [ app_begin ] --START--
INFO: Run Behavior\ReadHtmlCacheBehavior [ RunTime:0.001000s ]
INFO: [ app_begin ] --END-- [ RunTime:0.001000s ]
SQL: SHOW COLUMNS FROM `tp_gzhd` [ RunTime:0.003000s ]
SQL: SELECT max(keynum) as keynum FROM `tp_gzhd` WHERE ( keynum like '%20150423%' ) LIMIT 1   [ RunTime:0.000000s ]
SQL: INSERT INTO `tp_gzhd` (`type`,`name`,`phone`,`address`,`zipcode`,`email`,`aim`,`subject`,`content`,`keynum`,`selcode`,`status`,`indate`) VALUES ('Â±ÄÈïø‰ø°ÁÆ\±','11','111','111','','','Âí®ËØ¢','1212','121212',20150423008,6248,'Ê≠£Âú®ÂäûÁêÜ','2015-04-23') [ RunTime:0.000000s ]

[ 2015-04-23T16:32:05+08:00 ] ::1 /grid_lyj/index.php/Home/Gzhd/insert
INFO: [ app_begin ] --START--
INFO: Run Behavior\ReadHtmlCacheBehavior [ RunTime:0.001000s ]
INFO: [ app_begin ] --END-- [ RunTime:0.001000s ]

[ 2015-04-23T16:32:12+08:00 ] ::1 /grid_lyj/index.php/Home/Gzhd/insert
INFO: [ app_begin ] --START--
INFO: Run Behavior\ReadHtmlCacheBehavior [ RunTime:0.001000s ]
INFO: [ app_begin ] --END-- [ RunTime:0.001000s ]
SQL: SHOW COLUMNS FROM `tp_gzhd` [ RunTime:0.004000s ]
SQL: SELECT max(keynum) as keynum FROM `tp_gzhd` WHERE ( keynum like '%20150423%' ) LIMIT 1   [ RunTime:0.001000s ]
SQL: INSERT INTO `tp_gzhd` (`type`,`name`,`phone`,`address`,`zipcode`,`email`,`aim`,`subject`,`content`,`keynum`,`selcode`,`status`,`indate`) VALUES ('Â±ÄÈïø‰ø°ÁÆ\±','11','111','111','','','Âí®ËØ¢','1212','1212',20150423009,3368,'Ê≠£Âú®ÂäûÁêÜ','2015-04-23') [ RunTime:0.001000s ]

