[ 2015-04-29T08:26:27+08:00 ] ::1 /grid_lyj/index.php/home/Ysqgk/css/Lpublic.css
ERR: éæ³•æ“ä½œ:css

[ 2015-04-29T08:53:33+08:00 ] ::1 /grid_lyj/index.php/home/Ysqgk/zwgk_ysqgk_show.html?ysq_code=&query_code=
ERR: éæ³•æ“ä½œ:zwgk_ysqgk_show

[ 2015-04-29T09:24:15+08:00 ] ::1 /grid_lyj/index.php/Home/Ysqgk/insert
INFO: [ app_begin ] --START--
INFO: Run Behavior\ReadHtmlCacheBehavior [ RunTime:0.001000s ]
INFO: [ app_begin ] --END-- [ RunTime:0.001000s ]
SQL: SHOW COLUMNS FROM `tp_ysqgk` [ RunTime:0.016001s ]
SQL: SELECT max(keynum) as keynum FROM `tp_ysqgk` WHERE ( keynum like '%20150429%' ) LIMIT 1   [ RunTime:0.028002s ]
SQL: INSERT INTO `tp_ysqgk` (`name`,`workunit`,`cardtype`,`cardnum`,`orgcode`,`legalperson`,`linkperson`,`tel`,`fax`,`phone`,`email`,`address`,`zipcode`,`content`,`indexnum`,`description`,`cut`,`otherway`,`keynum`,`selcode`,`indate`,`inip`) VALUES ('xx','','èº«ä»½è¯\','','','','','1212','','','','111','','','','','1','æ˜\¯','20150429001',4303,'2015-04-29','0.0.0.0') [ RunTime:0.011001s ]

[ 2015-04-29T09:27:38+08:00 ] ::1 /grid_lyj/index.php/Home/Ysqgk/insert
INFO: [ app_begin ] --START--
INFO: Run Behavior\ReadHtmlCacheBehavior [ RunTime:0.000000s ]
INFO: [ app_begin ] --END-- [ RunTime:0.001000s ]
SQL: SHOW COLUMNS FROM `tp_ysqgk` [ RunTime:0.012001s ]
SQL: SELECT max(keynum) as keynum FROM `tp_ysqgk` WHERE ( keynum like '%20150429%' ) LIMIT 1   [ RunTime:0.001000s ]
SQL: INSERT INTO `tp_ysqgk` (`name`,`workunit`,`cardtype`,`cardnum`,`orgcode`,`legalperson`,`linkperson`,`tel`,`fax`,`phone`,`email`,`address`,`zipcode`,`content`,`indexnum`,`description`,`cut`,`offerway`,`getway`,`otherway`,`keynum`,`selcode`,`indate`,`inip`) VALUES ('cccc','','èº«ä»½è¯\','','','','','1111','','','','address','','','','','å\¦','çº¸è´¨,å…‰ç›˜','ç”µå­é‚®ä»¶,ä¼ çœŸ','æ˜\¯',20150429002,5796,'2015-04-29','0.0.0.0') [ RunTime:0.002000s ]

[ 2015-04-29T09:28:26+08:00 ] ::1 /grid_lyj/index.php/Home/Ysqgk/insert
INFO: [ app_begin ] --START--
INFO: Run Behavior\ReadHtmlCacheBehavior [ RunTime:0.000000s ]
INFO: [ app_begin ] --END-- [ RunTime:0.001001s ]
SQL: SHOW COLUMNS FROM `tp_ysqgk` [ RunTime:0.012001s ]
SQL: SELECT max(keynum) as keynum FROM `tp_ysqgk` WHERE ( keynum like '%20150429%' ) LIMIT 1   [ RunTime:0.002000s ]
SQL: INSERT INTO `tp_ysqgk` (`name`,`workunit`,`cardtype`,`cardnum`,`orgcode`,`legalperson`,`linkperson`,`tel`,`fax`,`phone`,`email`,`address`,`zipcode`,`content`,`indexnum`,`description`,`cut`,`offerway`,`getway`,`otherway`,`keynum`,`selcode`,`indate`,`inip`) VALUES ('','','èº«ä»½è¯\','','ddd','','','1212','','','','daddfdf','','','','','æ˜\¯','çº¸è´¨,å…‰ç›˜','ç”µå­é‚®ä»¶,ä¼ çœŸ','æ˜\¯',20150429003,4319,'2015-04-29','0.0.0.0') [ RunTime:0.001000s ]

[ 2015-04-29T09:30:18+08:00 ] ::1 /grid_lyj/index.php/Home/Ysqgk/insert
INFO: [ app_begin ] --START--
INFO: Run Behavior\ReadHtmlCacheBehavior [ RunTime:0.000000s ]
INFO: [ app_begin ] --END-- [ RunTime:0.001000s ]
SQL: SHOW COLUMNS FROM `tp_ysqgk` [ RunTime:0.009000s ]
SQL: SELECT max(keynum) as keynum FROM `tp_ysqgk` WHERE ( keynum like '%20150429%' ) LIMIT 1   [ RunTime:0.000000s ]
SQL: INSERT INTO `tp_ysqgk` (`name`,`workunit`,`cardtype`,`cardnum`,`orgcode`,`licensecode`,`legalperson`,`linkperson`,`tel`,`fax`,`phone`,`email`,`address`,`zipcode`,`content`,`indexnum`,`description`,`cut`,`offerway`,`getway`,`otherway`,`keynum`,`selcode`,`indate`,`inip`) VALUES ('','','èº«ä»½è¯\','','wew','1111','','','121','','','','111111','','','','','å\¦','çº¸è´¨,ç”µå­é‚®ä»¶','ç”µå­é‚®ä»¶,é‚®å¯„','æ˜\¯',20150429004,3034,'2015-04-29','0.0.0.0') [ RunTime:0.002000s ]

[ 2015-04-29T09:34:08+08:00 ] ::1 /grid_lyj/index.php/Home/Ysqgk/select?keynum=11&selcode=11
ERR: éæ³•æ“ä½œ:select

[ 2015-04-29T10:04:08+08:00 ] ::1 /grid_lyj/index.php/Home/Ysqgk/insert
INFO: [ app_begin ] --START--
INFO: Run Behavior\ReadHtmlCacheBehavior [ RunTime:0.000000s ]
INFO: [ app_begin ] --END-- [ RunTime:0.001000s ]
SQL: SHOW COLUMNS FROM `tp_ysqgk` [ RunTime:0.014000s ]
SQL: SELECT max(keynum) as keynum FROM `tp_ysqgk` WHERE ( keynum like '%20150429%' ) LIMIT 1   [ RunTime:0.000000s ]
SQL: INSERT INTO `tp_ysqgk` (`persontype`,`name`,`workunit`,`cardtype`,`cardnum`,`orgcode`,`licensecode`,`legalperson`,`linkperson`,`tel`,`fax`,`phone`,`email`,`address`,`zipcode`,`content`,`indexnum`,`description`,`cut`,`offerway`,`getway`,`otherway`,`keynum`,`selcode`,`indate`,`inip`,`status`) VALUES ('å…¬æ°‘','111','','èº«ä»½è¯\','','','','','','12','','11','','11','','11','','11','å\¦','çº¸è´¨,å…‰ç›˜','ç”µå­é‚®ä»¶,ä¼ çœŸ','æ˜\¯','20150429001',1390,'2015-04-29','0.0.0.0','æ­£åœ¨åŠç†') [ RunTime:0.003000s ]

[ 2015-04-29T14:00:03+08:00 ] ::1 /grid_lyj/index.php/Home/Gzhd/insert
INFO: [ app_begin ] --START--
INFO: Run Behavior\ReadHtmlCacheBehavior [ RunTime:0.001000s ]
INFO: [ app_begin ] --END-- [ RunTime:0.001000s ]
SQL: SHOW COLUMNS FROM `tp_gzhd` [ RunTime:0.046002s ]
SQL: SELECT max(keynum) as keynum FROM `tp_gzhd` WHERE ( keynum like '%20150429%' ) LIMIT 1   [ RunTime:0.183011s ]
SQL: INSERT INTO `tp_gzhd` (`type`,`name`,`phone`,`address`,`zipcode`,`email`,`aim`,`subject`,`content`,`keynum`,`selcode`,`status`,`indate`) VALUES ('å±€é•¿ä¿¡ç®\±','ç‹äº”','11','ä¿¡ç®±','','','å’¨è¯¢','æµ‹è¯•é‚®ä»¶æé†’','sss','20150429001',1073,'æ­£åœ¨åŠç†','2015-04-29') [ RunTime:0.000000s ]

[ 2015-04-29T14:04:49+08:00 ] ::1 /grid_lyj/index.php/Home/Gzhd/insert
INFO: [ app_begin ] --START--
INFO: Run Behavior\ReadHtmlCacheBehavior [ RunTime:0.001000s ]
INFO: [ app_begin ] --END-- [ RunTime:0.001000s ]
SQL: SHOW COLUMNS FROM `tp_gzhd` [ RunTime:0.012001s ]
SQL: SELECT max(keynum) as keynum FROM `tp_gzhd` WHERE ( keynum like '%20150429%' ) LIMIT 1   [ RunTime:0.048003s ]
SQL: INSERT INTO `tp_gzhd` (`type`,`name`,`phone`,`address`,`zipcode`,`email`,`aim`,`subject`,`content`,`keynum`,`selcode`,`status`,`indate`) VALUES ('å±€é•¿ä¿¡ç®\±','æå››','13525253030','çˆ±çš„','1','','å’¨è¯¢','å†æ¬¡æµ‹è¯•é‚®ä»¶å·\¥','å¯¹æ–¹ç­”å¤',20150429002,3257,'æ­£åœ¨åŠç†','2015-04-29') [ RunTime:0.001000s ]

[ 2015-04-29T14:05:24+08:00 ] ::1 /grid_lyj/index.php/Home/Gzhd/insert
INFO: [ app_begin ] --START--
INFO: Run Behavior\ReadHtmlCacheBehavior [ RunTime:0.001001s ]
INFO: [ app_begin ] --END-- [ RunTime:0.002001s ]
SQL: SHOW COLUMNS FROM `tp_gzhd` [ RunTime:0.014001s ]
SQL: SELECT max(keynum) as keynum FROM `tp_gzhd` WHERE ( keynum like '%20150429%' ) LIMIT 1   [ RunTime:0.001000s ]
SQL: INSERT INTO `tp_gzhd` (`type`,`name`,`phone`,`address`,`zipcode`,`email`,`aim`,`subject`,`content`,`keynum`,`selcode`,`status`,`indate`) VALUES ('å±€é•¿ä¿¡ç®\±','æœç´¢','12','11','','','å’¨è¯¢','11','111',20150429003,9848,'æ­£åœ¨åŠç†','2015-04-29') [ RunTime:0.001000s ]

[ 2015-04-29T14:05:24+08:00 ] ::1 /grid_lyj/index.php/Home/Gzhd/insert
INFO: [ app_begin ] --START--
INFO: Run Behavior\ReadHtmlCacheBehavior [ RunTime:0.001000s ]
INFO: [ app_begin ] --END-- [ RunTime:0.002000s ]

[ 2015-04-29T14:05:24+08:00 ] ::1 /grid_lyj/index.php/Home/Gzhd/insert
INFO: [ app_begin ] --START--
INFO: Run Behavior\ReadHtmlCacheBehavior [ RunTime:0.002001s ]
INFO: [ app_begin ] --END-- [ RunTime:0.002001s ]

[ 2015-04-29T14:05:24+08:00 ] ::1 /grid_lyj/index.php/Home/Gzhd/insert
INFO: [ app_begin ] --START--
INFO: Run Behavior\ReadHtmlCacheBehavior [ RunTime:0.002000s ]
INFO: [ app_begin ] --END-- [ RunTime:0.002000s ]

[ 2015-04-29T14:05:24+08:00 ] ::1 /grid_lyj/index.php/Home/Gzhd/insert
INFO: [ app_begin ] --START--
INFO: Run Behavior\ReadHtmlCacheBehavior [ RunTime:0.001000s ]
INFO: [ app_begin ] --END-- [ RunTime:0.001000s ]

[ 2015-04-29T14:05:24+08:00 ] ::1 /grid_lyj/index.php/Home/Gzhd/insert
INFO: [ app_begin ] --START--
INFO: Run Behavior\ReadHtmlCacheBehavior [ RunTime:0.001000s ]
INFO: [ app_begin ] --END-- [ RunTime:0.001000s ]

[ 2015-04-29T14:07:14+08:00 ] ::1 /grid_lyj/index.php/Home/Gzhd/insert
INFO: [ app_begin ] --START--
INFO: Run Behavior\ReadHtmlCacheBehavior [ RunTime:0.001000s ]
INFO: [ app_begin ] --END-- [ RunTime:0.002000s ]
SQL: SHOW COLUMNS FROM `tp_gzhd` [ RunTime:0.003001s ]
SQL: SELECT max(keynum) as keynum FROM `tp_gzhd` WHERE ( keynum like '%20150429%' ) LIMIT 1   [ RunTime:0.000000s ]
SQL: INSERT INTO `tp_gzhd` (`type`,`name`,`phone`,`address`,`zipcode`,`email`,`aim`,`subject`,`content`,`keynum`,`selcode`,`status`,`indate`) VALUES ('å±€é•¿ä¿¡ç®\±','dd','121','111','','','å’¨è¯¢','111','1111111111',20150429004,3054,'æ­£åœ¨åŠç†','2015-04-29') [ RunTime:0.001000s ]

