[ 2015-08-24T14:49:56+08:00 ] ::1 /jx/index.php/Home/Index/exportTheme
INFO: [ app_begin ] --START--
INFO: Run Behavior\ReadHtmlCacheBehavior [ RunTime:0.001000s ]
INFO: [ app_begin ] --END-- [ RunTime:0.002000s ]
SQL: SHOW COLUMNS FROM `tp_question` [ RunTime:0.008000s ]
SQL: SELECT * FROM `tp_question` WHERE `id` = 3411 LIMIT 1   [ RunTime:0.002000s ]
SQL: SHOW COLUMNS FROM `tp_option` [ RunTime:0.004001s ]
SQL: SELECT * FROM `tp_option` WHERE ( qid=3411 ) ORDER BY order_num asc  [ RunTime:0.046002s ]

[ 2015-08-24T14:50:19+08:00 ] ::1 /jx/index.php/Home/Index/exportTheme
INFO: [ app_begin ] --START--
INFO: Run Behavior\ReadHtmlCacheBehavior [ RunTime:0.001000s ]
INFO: [ app_begin ] --END-- [ RunTime:0.001000s ]
SQL: SHOW COLUMNS FROM `tp_question` [ RunTime:0.006000s ]
SQL: SELECT * FROM `tp_question` WHERE `id` = 2928 LIMIT 1   [ RunTime:0.002000s ]
SQL: SHOW COLUMNS FROM `tp_option` [ RunTime:0.005001s ]
SQL: SELECT * FROM `tp_option` WHERE ( qid=2928 ) ORDER BY order_num asc  [ RunTime:0.009000s ]

[ 2015-08-24T14:50:23+08:00 ] ::1 /jx/index.php/Home/Index/exportTheme
INFO: [ app_begin ] --START--
INFO: Run Behavior\ReadHtmlCacheBehavior [ RunTime:0.001000s ]
INFO: [ app_begin ] --END-- [ RunTime:0.001000s ]
SQL: SHOW COLUMNS FROM `tp_question` [ RunTime:0.005000s ]
SQL: SELECT * FROM `tp_question` WHERE `id` = 3694 LIMIT 1   [ RunTime:0.002000s ]
SQL: SHOW COLUMNS FROM `tp_option` [ RunTime:0.004000s ]
SQL: SELECT * FROM `tp_option` WHERE ( qid=3694 ) ORDER BY order_num asc  [ RunTime:0.009001s ]

[ 2015-08-24T14:50:23+08:00 ] ::1 /jx/index.php/Home/Index/exportTheme
INFO: [ app_begin ] --START--
INFO: Run Behavior\ReadHtmlCacheBehavior [ RunTime:0.001000s ]
INFO: [ app_begin ] --END-- [ RunTime:0.001000s ]
SQL: SHOW COLUMNS FROM `tp_question` [ RunTime:0.005000s ]
SQL: SELECT * FROM `tp_question` WHERE `id` = 3142 LIMIT 1   [ RunTime:0.002000s ]
SQL: SHOW COLUMNS FROM `tp_option` [ RunTime:0.004000s ]
SQL: SELECT * FROM `tp_option` WHERE ( qid=3142 ) ORDER BY order_num asc  [ RunTime:0.009000s ]

[ 2015-08-24T14:50:24+08:00 ] ::1 /jx/index.php/Home/Index/exportTheme
INFO: [ app_begin ] --START--
INFO: Run Behavior\ReadHtmlCacheBehavior [ RunTime:0.001000s ]
INFO: [ app_begin ] --END-- [ RunTime:0.001000s ]
SQL: SHOW COLUMNS FROM `tp_question` [ RunTime:0.006000s ]
SQL: SELECT * FROM `tp_question` WHERE `id` = 3544 LIMIT 1   [ RunTime:0.002001s ]
SQL: SHOW COLUMNS FROM `tp_option` [ RunTime:0.004000s ]
SQL: SELECT * FROM `tp_option` WHERE ( qid=3544 ) ORDER BY order_num asc  [ RunTime:0.009000s ]

[ 2015-08-24T14:50:24+08:00 ] ::1 /jx/index.php/Home/Index/exportTheme
INFO: [ app_begin ] --START--
INFO: Run Behavior\ReadHtmlCacheBehavior [ RunTime:0.000000s ]
INFO: [ app_begin ] --END-- [ RunTime:0.001001s ]
SQL: SHOW COLUMNS FROM `tp_question` [ RunTime:0.006000s ]
SQL: SELECT * FROM `tp_question` WHERE `id` = 3132 LIMIT 1   [ RunTime:0.001000s ]
SQL: SHOW COLUMNS FROM `tp_option` [ RunTime:0.004000s ]
SQL: SELECT * FROM `tp_option` WHERE ( qid=3132 ) ORDER BY order_num asc  [ RunTime:0.009000s ]

[ 2015-08-24T14:50:24+08:00 ] ::1 /jx/index.php/Home/Index/exportTheme
INFO: [ app_begin ] --START--
INFO: Run Behavior\ReadHtmlCacheBehavior [ RunTime:0.001000s ]
INFO: [ app_begin ] --END-- [ RunTime:0.002000s ]
SQL: SHOW COLUMNS FROM `tp_question` [ RunTime:0.005000s ]
SQL: SELECT * FROM `tp_question` WHERE `id` = 2646 LIMIT 1   [ RunTime:0.001000s ]
SQL: SHOW COLUMNS FROM `tp_option` [ RunTime:0.004000s ]
SQL: SELECT * FROM `tp_option` WHERE ( qid=2646 ) ORDER BY order_num asc  [ RunTime:0.010001s ]

[ 2015-08-24T14:50:25+08:00 ] ::1 /jx/index.php/Home/Index/exportTheme
INFO: [ app_begin ] --START--
INFO: Run Behavior\ReadHtmlCacheBehavior [ RunTime:0.000000s ]
INFO: [ app_begin ] --END-- [ RunTime:0.001000s ]
SQL: SHOW COLUMNS FROM `tp_question` [ RunTime:0.005000s ]
SQL: SELECT * FROM `tp_question` WHERE `id` = 2928 LIMIT 1   [ RunTime:0.002000s ]
SQL: SHOW COLUMNS FROM `tp_option` [ RunTime:0.004001s ]
SQL: SELECT * FROM `tp_option` WHERE ( qid=2928 ) ORDER BY order_num asc  [ RunTime:0.010000s ]

[ 2015-08-24T14:50:26+08:00 ] ::1 /jx/index.php/Home/Index/exportTheme
INFO: [ app_begin ] --START--
INFO: Run Behavior\ReadHtmlCacheBehavior [ RunTime:0.000000s ]
INFO: [ app_begin ] --END-- [ RunTime:0.001000s ]
SQL: SHOW COLUMNS FROM `tp_question` [ RunTime:0.006000s ]
SQL: SELECT * FROM `tp_question` WHERE `id` = 3694 LIMIT 1   [ RunTime:0.002000s ]
SQL: SHOW COLUMNS FROM `tp_option` [ RunTime:0.005000s ]
SQL: SELECT * FROM `tp_option` WHERE ( qid=3694 ) ORDER BY order_num asc  [ RunTime:0.009001s ]

[ 2015-08-24T14:50:28+08:00 ] ::1 /jx/index.php/Home/Index/exportTheme
INFO: [ app_begin ] --START--
INFO: Run Behavior\ReadHtmlCacheBehavior [ RunTime:0.000000s ]
INFO: [ app_begin ] --END-- [ RunTime:0.001000s ]
SQL: SHOW COLUMNS FROM `tp_question` [ RunTime:0.006000s ]
SQL: SELECT * FROM `tp_question` WHERE `id` = 2928 LIMIT 1   [ RunTime:0.002000s ]
SQL: SHOW COLUMNS FROM `tp_option` [ RunTime:0.004001s ]
SQL: SELECT * FROM `tp_option` WHERE ( qid=2928 ) ORDER BY order_num asc  [ RunTime:0.009000s ]

[ 2015-08-24T14:50:29+08:00 ] ::1 /jx/index.php/Home/Index/exportTheme
INFO: [ app_begin ] --START--
INFO: Run Behavior\ReadHtmlCacheBehavior [ RunTime:0.001000s ]
INFO: [ app_begin ] --END-- [ RunTime:0.001000s ]
SQL: SHOW COLUMNS FROM `tp_question` [ RunTime:0.006001s ]
SQL: SELECT * FROM `tp_question` WHERE `id` = 3694 LIMIT 1   [ RunTime:0.003000s ]
SQL: SHOW COLUMNS FROM `tp_option` [ RunTime:0.004000s ]
SQL: SELECT * FROM `tp_option` WHERE ( qid=3694 ) ORDER BY order_num asc  [ RunTime:0.009001s ]

[ 2015-08-24T14:50:30+08:00 ] ::1 /jx/index.php/Home/Index/exportTheme
INFO: [ app_begin ] --START--
INFO: Run Behavior\ReadHtmlCacheBehavior [ RunTime:0.001000s ]
INFO: [ app_begin ] --END-- [ RunTime:0.002000s ]
SQL: SHOW COLUMNS FROM `tp_question` [ RunTime:0.005000s ]
SQL: SELECT * FROM `tp_question` WHERE `id` = 3142 LIMIT 1   [ RunTime:0.002000s ]
SQL: SHOW COLUMNS FROM `tp_option` [ RunTime:0.004001s ]
SQL: SELECT * FROM `tp_option` WHERE ( qid=3142 ) ORDER BY order_num asc  [ RunTime:0.010000s ]

[ 2015-08-24T14:50:30+08:00 ] ::1 /jx/index.php/Home/Index/exportTheme
INFO: [ app_begin ] --START--
INFO: Run Behavior\ReadHtmlCacheBehavior [ RunTime:0.000000s ]
INFO: [ app_begin ] --END-- [ RunTime:0.002000s ]
SQL: SHOW COLUMNS FROM `tp_question` [ RunTime:0.005000s ]
SQL: SELECT * FROM `tp_question` WHERE `id` = 3544 LIMIT 1   [ RunTime:0.001000s ]
SQL: SHOW COLUMNS FROM `tp_option` [ RunTime:0.004000s ]
SQL: SELECT * FROM `tp_option` WHERE ( qid=3544 ) ORDER BY order_num asc  [ RunTime:0.011001s ]

[ 2015-08-24T14:50:30+08:00 ] ::1 /jx/index.php/Home/Index/exportTheme
INFO: [ app_begin ] --START--
INFO: Run Behavior\ReadHtmlCacheBehavior [ RunTime:0.001000s ]
INFO: [ app_begin ] --END-- [ RunTime:0.001000s ]
SQL: SHOW COLUMNS FROM `tp_question` [ RunTime:0.006000s ]
SQL: SELECT * FROM `tp_question` WHERE `id` = 3132 LIMIT 1   [ RunTime:0.002001s ]
SQL: SHOW COLUMNS FROM `tp_option` [ RunTime:0.004000s ]
SQL: SELECT * FROM `tp_option` WHERE ( qid=3132 ) ORDER BY order_num asc  [ RunTime:0.010000s ]

[ 2015-08-24T14:50:30+08:00 ] ::1 /jx/index.php/Home/Index/exportTheme
INFO: [ app_begin ] --START--
INFO: Run Behavior\ReadHtmlCacheBehavior [ RunTime:0.000000s ]
INFO: [ app_begin ] --END-- [ RunTime:0.001000s ]
SQL: SHOW COLUMNS FROM `tp_question` [ RunTime:0.005001s ]
SQL: SELECT * FROM `tp_question` WHERE `id` = 2646 LIMIT 1   [ RunTime:0.001000s ]
SQL: SHOW COLUMNS FROM `tp_option` [ RunTime:0.004000s ]
SQL: SELECT * FROM `tp_option` WHERE ( qid=2646 ) ORDER BY order_num asc  [ RunTime:0.009000s ]

[ 2015-08-24T14:50:31+08:00 ] ::1 /jx/index.php/Home/Index/exportTheme
INFO: [ app_begin ] --START--
INFO: Run Behavior\ReadHtmlCacheBehavior [ RunTime:0.000000s ]
INFO: [ app_begin ] --END-- [ RunTime:0.002000s ]
SQL: SHOW COLUMNS FROM `tp_question` [ RunTime:0.007000s ]
SQL: SELECT * FROM `tp_question` WHERE `id` = 2024 LIMIT 1   [ RunTime:0.002000s ]
SQL: SHOW COLUMNS FROM `tp_option` [ RunTime:0.004000s ]
SQL: SELECT * FROM `tp_option` WHERE ( qid=2024 ) ORDER BY order_num asc  [ RunTime:0.009000s ]

