[ 2015-04-28T11:30:57+08:00 ] ::1 /grid_lyj/index.php/Admin/Wsdc/wsdcMain
ERR: 无法加载控制器:Wsdc

[ 2015-04-28T11:31:01+08:00 ] ::1 /grid_lyj/index.php/Admin/Wsdc/wsdcMain
ERR: 无法加载控制器:Wsdc

[ 2015-04-28T11:31:01+08:00 ] ::1 /grid_lyj/index.php/Admin/Wsdc/wsdcMain
ERR: 无法加载控制器:Wsdc

[ 2015-04-28T11:31:01+08:00 ] ::1 /grid_lyj/index.php/Admin/Wsdc/wsdcMain
ERR: 无法加载控制器:Wsdc

[ 2015-04-28T11:31:24+08:00 ] ::1 /grid_lyj/index.php/Admin/Wsdc/wsdcMain
ERR: 无法加载控制器:Wsdc

[ 2015-04-28T11:31:25+08:00 ] ::1 /grid_lyj/index.php/Admin/Wsdc/wsdcMain
ERR: 无法加载控制器:Wsdc

[ 2015-04-28T11:31:25+08:00 ] ::1 /grid_lyj/index.php/Admin/Wsdc/wsdcMain
ERR: 无法加载控制器:Wsdc

[ 2015-04-28T11:31:25+08:00 ] ::1 /grid_lyj/index.php/Admin/Wsdc/wsdcMain
ERR: 无法加载控制器:Wsdc

[ 2015-04-28T11:31:56+08:00 ] ::1 /grid_lyj/index.php/Admin/Wsdc/wsdcMain
ERR: 无法加载控制器:Wsdc

[ 2015-04-28T11:32:18+08:00 ] ::1 /grid_lyj/index.php/Admin/Wsdc/wsdcMain
ERR: 模板不存在:./Application/Admin/View/Wsdc/wsdcMain.html

[ 2015-04-28T11:32:20+08:00 ] ::1 /grid_lyj/index.php/Admin/Wsdc/wsdcMain
ERR: 模板不存在:./Application/Admin/View/Wsdc/wsdcMain.html

[ 2015-04-28T11:32:20+08:00 ] ::1 /grid_lyj/index.php/Admin/Wsdc/wsdcMain
ERR: 模板不存在:./Application/Admin/View/Wsdc/wsdcMain.html

[ 2015-04-28T11:34:00+08:00 ] ::1 /grid_lyj/index.php/Admin/Wsdc/wsdcMain
ERR: 模板不存在:./Application/Admin/View/Wsdc/wsdcMain.html

[ 2015-04-28T12:56:27+08:00 ] ::1 /grid_lyj/index.php/Admin/Wsdc/zxftUI.html
ERR: 非法操作:zxftUI

[ 2015-04-28T13:14:37+08:00 ] ::1 /grid_lyj/index.php/Admin/Wsdc/wsdcUI/id/1.html
ERR: 非法操作:wsdcUI

[ 2015-04-28T15:02:50+08:00 ] ::1 /grid_lyj/index.php/Admin/Wsdc/wsdcOptionSubUpdateUI/id/21.html
ERR: 模板不存在:./Application/Admin/View/Wsdc/wsdcOptionSubUpdateUI.html

[ 2015-04-28T16:01:31+08:00 ] ::1 /grid_lyj/index.php/Admin/Index/mUpdatePasswordUI.do?fId=${sessionScope.user.fId}
ERR: 非法操作:mUpdatePasswordUI.do

[ 2015-04-28T16:07:53+08:00 ] ::1 /grid_lyj/index.php/Admin/Myzj/delete?ids=2
ERR: 非法操作:delete

